N:\21-OTHER\V2.0 MODBUS版本\TEMPDETECTION V2.0 2016.1.20\TEMPDETECTION\RELEASE\TEMPDETECTION.PCH
N:\21-OTHER\V2.0 MODBUS版本\TEMPDETECTION V2.0 2016.1.20\TEMPDETECTION\RELEASE\STDAFX.OBJ
N:\21-OTHER\V2.0 MODBUS版本\TEMPDETECTION V2.0 2016.1.20\TEMPDETECTION\RELEASE\VC110.PDB
N:\21-OTHER\V2.0 MODBUS版本\TEMPDETECTION V2.0 2016.1.20\TEMPDETECTION\RELEASE\BAR3DSERIES.OBJ
N:\21-OTHER\V2.0 MODBUS版本\TEMPDETECTION V2.0 2016.1.20\TEMPDETECTION\RELEASE\BANNERTOOL.OBJ
N:\21-OTHER\V2.0 MODBUS版本\TEMPDETECTION V2.0 2016.1.20\TEMPDETECTION\RELEASE\BACKIMAGE.OBJ
N:\21-OTHER\V2.0 MODBUS版本\TEMPDETECTION V2.0 2016.1.20\TEMPDETECTION\RELEASE\AXISTITLE.OBJ
N:\21-OTHER\V2.0 MODBUS版本\TEMPDETECTION V2.0 2016.1.20\TEMPDETECTION\RELEASE\AXISSCROLLTOOL.OBJ
N:\21-OTHER\V2.0 MODBUS版本\TEMPDETECTION V2.0 2016.1.20\TEMPDETECTION\RELEASE\AXISLABELSITEM.OBJ
N:\21-OTHER\V2.0 MODBUS版本\TEMPDETECTION V2.0 2016.1.20\TEMPDETECTION\RELEASE\AXISLABELS.OBJ
N:\21-OTHER\V2.0 MODBUS版本\TEMPDETECTION V2.0 2016.1.20\TEMPDETECTION\RELEASE\AXISGRIDPEN.OBJ
N:\21-OTHER\V2.0 MODBUS版本\TEMPDETECTION V2.0 2016.1.20\TEMPDETECTION\RELEASE\AXISARROWTOOL.OBJ
N:\21-OTHER\V2.0 MODBUS版本\TEMPDETECTION V2.0 2016.1.20\TEMPDETECTION\RELEASE\AXIS.OBJ
N:\21-OTHER\V2.0 MODBUS版本\TEMPDETECTION V2.0 2016.1.20\TEMPDETECTION\RELEASE\AXES.OBJ
N:\21-OTHER\V2.0 MODBUS版本\TEMPDETECTION V2.0 2016.1.20\TEMPDETECTION\RELEASE\AVERAGEFUNCTION.OBJ
N:\21-OTHER\V2.0 MODBUS版本\TEMPDETECTION V2.0 2016.1.20\TEMPDETECTION\RELEASE\ASPECT.OBJ
N:\21-OTHER\V2.0 MODBUS版本\TEMPDETECTION V2.0 2016.1.20\TEMPDETECTION\RELEASE\ARROWSERIES.OBJ
N:\21-OTHER\V2.0 MODBUS版本\TEMPDETECTION V2.0 2016.1.20\TEMPDETECTION\RELEASE\AREASERIES.OBJ
N:\21-OTHER\V2.0 MODBUS版本\TEMPDETECTION V2.0 2016.1.20\TEMPDETECTION\RELEASE\ANTIALIASTOOL.OBJ
N:\21-OTHER\V2.0 MODBUS版本\TEMPDETECTION V2.0 2016.1.20\TEMPDETECTION\RELEASE\ANNOTATIONTOOL.OBJ
N:\21-OTHER\V2.0 MODBUS版本\TEMPDETECTION V2.0 2016.1.20\TEMPDETECTION\RELEASE\ANNOTATIONCALLOUT.OBJ
N:\21-OTHER\V2.0 MODBUS版本\TEMPDETECTION V2.0 2016.1.20\TEMPDETECTION\RELEASE\AMOUNTFILTER.OBJ
N:\21-OTHER\V2.0 MODBUS版本\TEMPDETECTION V2.0 2016.1.20\TEMPDETECTION\RELEASE\ADXFUNCTION.OBJ
N:\21-OTHER\V2.0 MODBUS版本\TEMPDETECTION V2.0 2016.1.20\TEMPDETECTION\RELEASE\CHARTAXISPEN.OBJ
N:\21-OTHER\V2.0 MODBUS版本\TEMPDETECTION V2.0 2016.1.20\TEMPDETECTION\RELEASE\CCIFUNCTION.OBJ
N:\21-OTHER\V2.0 MODBUS版本\TEMPDETECTION V2.0 2016.1.20\TEMPDETECTION\RELEASE\CANVAS.OBJ
N:\21-OTHER\V2.0 MODBUS版本\TEMPDETECTION V2.0 2016.1.20\TEMPDETECTION\RELEASE\CANDLESERIES.OBJ
N:\21-OTHER\V2.0 MODBUS版本\TEMPDETECTION V2.0 2016.1.20\TEMPDETECTION\RELEASE\CALENDARSERIES.OBJ
N:\21-OTHER\V2.0 MODBUS版本\TEMPDETECTION V2.0 2016.1.20\TEMPDETECTION\RELEASE\CALENDARCELLUPPER.OBJ
N:\21-OTHER\V2.0 MODBUS版本\TEMPDETECTION V2.0 2016.1.20\TEMPDETECTION\RELEASE\CALENDARCELL.OBJ
N:\21-OTHER\V2.0 MODBUS版本\TEMPDETECTION V2.0 2016.1.20\TEMPDETECTION\RELEASE\BUBBLESERIES.OBJ
N:\21-OTHER\V2.0 MODBUS版本\TEMPDETECTION V2.0 2016.1.20\TEMPDETECTION\RELEASE\BUBBLE3DSERIES.OBJ
N:\21-OTHER\V2.0 MODBUS版本\TEMPDETECTION V2.0 2016.1.20\TEMPDETECTION\RELEASE\BTNST.OBJ
N:\21-OTHER\V2.0 MODBUS版本\TEMPDETECTION V2.0 2016.1.20\TEMPDETECTION\RELEASE\BRUSH.OBJ
N:\21-OTHER\V2.0 MODBUS版本\TEMPDETECTION V2.0 2016.1.20\TEMPDETECTION\RELEASE\BRIGHTNESSFILTER.OBJ
N:\21-OTHER\V2.0 MODBUS版本\TEMPDETECTION V2.0 2016.1.20\TEMPDETECTION\RELEASE\BOXPLOTSERIES.OBJ
N:\21-OTHER\V2.0 MODBUS版本\TEMPDETECTION V2.0 2016.1.20\TEMPDETECTION\RELEASE\BOLLINGERFUNCTION.OBJ
N:\21-OTHER\V2.0 MODBUS版本\TEMPDETECTION V2.0 2016.1.20\TEMPDETECTION\RELEASE\BMPEXPORT.OBJ
N:\21-OTHER\V2.0 MODBUS版本\TEMPDETECTION V2.0 2016.1.20\TEMPDETECTION\RELEASE\BLURFILTER.OBJ
N:\21-OTHER\V2.0 MODBUS版本\TEMPDETECTION V2.0 2016.1.20\TEMPDETECTION\RELEASE\BEZIERSERIES.OBJ
N:\21-OTHER\V2.0 MODBUS版本\TEMPDETECTION V2.0 2016.1.20\TEMPDETECTION\RELEASE\BEVELFILTER.OBJ
N:\21-OTHER\V2.0 MODBUS版本\TEMPDETECTION V2.0 2016.1.20\TEMPDETECTION\RELEASE\BARSERIES.OBJ
N:\21-OTHER\V2.0 MODBUS版本\TEMPDETECTION V2.0 2016.1.20\TEMPDETECTION\RELEASE\BARJOINSERIES.OBJ
N:\21-OTHER\V2.0 MODBUS版本\TEMPDETECTION V2.0 2016.1.20\TEMPDETECTION\RELEASE\CONTRASTFILTER.OBJ
N:\21-OTHER\V2.0 MODBUS版本\TEMPDETECTION V2.0 2016.1.20\TEMPDETECTION\RELEASE\CONTOURSERIES.OBJ
N:\21-OTHER\V2.0 MODBUS版本\TEMPDETECTION V2.0 2016.1.20\TEMPDETECTION\RELEASE\CONTOURMARKS.OBJ
N:\21-OTHER\V2.0 MODBUS版本\TEMPDETECTION V2.0 2016.1.20\TEMPDETECTION\RELEASE\CONTOURLEVELS.OBJ
N:\21-OTHER\V2.0 MODBUS版本\TEMPDETECTION V2.0 2016.1.20\TEMPDETECTION\RELEASE\CONTOURLEVEL.OBJ
N:\21-OTHER\V2.0 MODBUS版本\TEMPDETECTION V2.0 2016.1.20\TEMPDETECTION\RELEASE\CONTENTSHEET.OBJ
N:\21-OTHER\V2.0 MODBUS版本\TEMPDETECTION V2.0 2016.1.20\TEMPDETECTION\RELEASE\COMPRESSFUNCTION.OBJ
N:\21-OTHER\V2.0 MODBUS版本\TEMPDETECTION V2.0 2016.1.20\TEMPDETECTION\RELEASE\COMMEDIT.OBJ
N:\21-OTHER\V2.0 MODBUS版本\TEMPDETECTION V2.0 2016.1.20\TEMPDETECTION\RELEASE\COLORLINETOOL.OBJ
N:\21-OTHER\V2.0 MODBUS版本\TEMPDETECTION V2.0 2016.1.20\TEMPDETECTION\RELEASE\COLORGRIDSERIES.OBJ
N:\21-OTHER\V2.0 MODBUS版本\TEMPDETECTION V2.0 2016.1.20\TEMPDETECTION\RELEASE\COLORFILTER.OBJ
N:\21-OTHER\V2.0 MODBUS版本\TEMPDETECTION V2.0 2016.1.20\TEMPDETECTION\RELEASE\COLORBANDTOOL.OBJ
N:\21-OTHER\V2.0 MODBUS版本\TEMPDETECTION V2.0 2016.1.20\TEMPDETECTION\RELEASE\CLVFUNCTION.OBJ
N:\21-OTHER\V2.0 MODBUS版本\TEMPDETECTION V2.0 2016.1.20\TEMPDETECTION\RELEASE\CLOCKSERIES.OBJ
N:\21-OTHER\V2.0 MODBUS版本\TEMPDETECTION V2.0 2016.1.20\TEMPDETECTION\RELEASE\CLIPSERIESTOOL.OBJ
N:\21-OTHER\V2.0 MODBUS版本\TEMPDETECTION V2.0 2016.1.20\TEMPDETECTION\RELEASE\CIRCULARGAUGE.OBJ
N:\21-OTHER\V2.0 MODBUS版本\TEMPDETECTION V2.0 2016.1.20\TEMPDETECTION\RELEASE\CIRCLELABELS.OBJ
N:\21-OTHER\V2.0 MODBUS版本\TEMPDETECTION V2.0 2016.1.20\TEMPDETECTION\RELEASE\CHARTIMAGETOOL.OBJ
N:\21-OTHER\V2.0 MODBUS版本\TEMPDETECTION V2.0 2016.1.20\TEMPDETECTION\RELEASE\CHARTHIDDENPEN.OBJ
N:\21-OTHER\V2.0 MODBUS版本\TEMPDETECTION V2.0 2016.1.20\TEMPDETECTION\RELEASE\CHARTFONT.OBJ
N:\21-OTHER\V2.0 MODBUS版本\TEMPDETECTION V2.0 2016.1.20\TEMPDETECTION\RELEASE\DLGPOSITION.OBJ
N:\21-OTHER\V2.0 MODBUS版本\TEMPDETECTION V2.0 2016.1.20\TEMPDETECTION\RELEASE\DLGMODIFYREADERID.OBJ
N:\21-OTHER\V2.0 MODBUS版本\TEMPDETECTION V2.0 2016.1.20\TEMPDETECTION\RELEASE\DLGMAINSHOW.OBJ
N:\21-OTHER\V2.0 MODBUS版本\TEMPDETECTION V2.0 2016.1.20\TEMPDETECTION\RELEASE\DLGLOGIN.OBJ
N:\21-OTHER\V2.0 MODBUS版本\TEMPDETECTION V2.0 2016.1.20\TEMPDETECTION\RELEASE\DLGHISTORY.OBJ
N:\21-OTHER\V2.0 MODBUS版本\TEMPDETECTION V2.0 2016.1.20\TEMPDETECTION\RELEASE\DLGFACTORYSET.OBJ
N:\21-OTHER\V2.0 MODBUS版本\TEMPDETECTION V2.0 2016.1.20\TEMPDETECTION\RELEASE\DLGCTLSINGLEREADER.OBJ
N:\21-OTHER\V2.0 MODBUS版本\TEMPDETECTION V2.0 2016.1.20\TEMPDETECTION\RELEASE\DLGCONFIG.OBJ
N:\21-OTHER\V2.0 MODBUS版本\TEMPDETECTION V2.0 2016.1.20\TEMPDETECTION\RELEASE\DLGCHANGEUSER.OBJ
N:\21-OTHER\V2.0 MODBUS版本\TEMPDETECTION V2.0 2016.1.20\TEMPDETECTION\RELEASE\DLGCALIBRATE.OBJ
N:\21-OTHER\V2.0 MODBUS版本\TEMPDETECTION V2.0 2016.1.20\TEMPDETECTION\RELEASE\DLGALARMSHOW.OBJ
N:\21-OTHER\V2.0 MODBUS版本\TEMPDETECTION V2.0 2016.1.20\TEMPDETECTION\RELEASE\DLGALARMHISTORY.OBJ
N:\21-OTHER\V2.0 MODBUS版本\TEMPDETECTION V2.0 2016.1.20\TEMPDETECTION\RELEASE\DELTAPOINTSERIES.OBJ
N:\21-OTHER\V2.0 MODBUS版本\TEMPDETECTION V2.0 2016.1.20\TEMPDETECTION\RELEASE\DATATABLETOOL.OBJ
N:\21-OTHER\V2.0 MODBUS版本\TEMPDETECTION V2.0 2016.1.20\TEMPDETECTION\RELEASE\DARVASSERIES.OBJ
N:\21-OTHER\V2.0 MODBUS版本\TEMPDETECTION V2.0 2016.1.20\TEMPDETECTION\RELEASE\CUSTOMFUNCTION.OBJ
N:\21-OTHER\V2.0 MODBUS版本\TEMPDETECTION V2.0 2016.1.20\TEMPDETECTION\RELEASE\CUSTOM3DPALETTESERIES.OBJ
N:\21-OTHER\V2.0 MODBUS版本\TEMPDETECTION V2.0 2016.1.20\TEMPDETECTION\RELEASE\CURVEFITTINGFUNCTION.OBJ
N:\21-OTHER\V2.0 MODBUS版本\TEMPDETECTION V2.0 2016.1.20\TEMPDETECTION\RELEASE\CURSORTOOL.OBJ
N:\21-OTHER\V2.0 MODBUS版本\TEMPDETECTION V2.0 2016.1.20\TEMPDETECTION\RELEASE\CROPFILTER.OBJ
N:\21-OTHER\V2.0 MODBUS版本\TEMPDETECTION V2.0 2016.1.20\TEMPDETECTION\RELEASE\ERRORSERIES.OBJ
N:\21-OTHER\V2.0 MODBUS版本\TEMPDETECTION V2.0 2016.1.20\TEMPDETECTION\RELEASE\ERRORBARSERIES.OBJ
N:\21-OTHER\V2.0 MODBUS版本\TEMPDETECTION V2.0 2016.1.20\TEMPDETECTION\RELEASE\EPSEXPORT.OBJ
N:\21-OTHER\V2.0 MODBUS版本\TEMPDETECTION V2.0 2016.1.20\TEMPDETECTION\RELEASE\ENVIRONMENT.OBJ
N:\21-OTHER\V2.0 MODBUS版本\TEMPDETECTION V2.0 2016.1.20\TEMPDETECTION\RELEASE\EMBOSSFILTER.OBJ
N:\21-OTHER\V2.0 MODBUS版本\TEMPDETECTION V2.0 2016.1.20\TEMPDETECTION\RELEASE\DRAWLINETOOL.OBJ
N:\21-OTHER\V2.0 MODBUS版本\TEMPDETECTION V2.0 2016.1.20\TEMPDETECTION\RELEASE\DRAWLINELIST.OBJ
N:\21-OTHER\V2.0 MODBUS版本\TEMPDETECTION V2.0 2016.1.20\TEMPDETECTION\RELEASE\DRAWLINE.OBJ
N:\21-OTHER\V2.0 MODBUS版本\TEMPDETECTION V2.0 2016.1.20\TEMPDETECTION\RELEASE\DRAGPOINTTOOL.OBJ
N:\21-OTHER\V2.0 MODBUS版本\TEMPDETECTION V2.0 2016.1.20\TEMPDETECTION\RELEASE\DRAGMARKSTOOL.OBJ
N:\21-OTHER\V2.0 MODBUS版本\TEMPDETECTION V2.0 2016.1.20\TEMPDETECTION\RELEASE\DOWNSAMPLINGFUNCTION.OBJ
N:\21-OTHER\V2.0 MODBUS版本\TEMPDETECTION V2.0 2016.1.20\TEMPDETECTION\RELEASE\DONUTSERIES.OBJ
N:\21-OTHER\V2.0 MODBUS版本\TEMPDETECTION V2.0 2016.1.20\TEMPDETECTION\RELEASE\DLGUSERSET.OBJ
N:\21-OTHER\V2.0 MODBUS版本\TEMPDETECTION V2.0 2016.1.20\TEMPDETECTION\RELEASE\DLGUPDATEFIRMWARE.OBJ
N:\21-OTHER\V2.0 MODBUS版本\TEMPDETECTION V2.0 2016.1.20\TEMPDETECTION\RELEASE\DLGSHOWANT4.OBJ
N:\21-OTHER\V2.0 MODBUS版本\TEMPDETECTION V2.0 2016.1.20\TEMPDETECTION\RELEASE\DLGSHOWANT3.OBJ
N:\21-OTHER\V2.0 MODBUS版本\TEMPDETECTION V2.0 2016.1.20\TEMPDETECTION\RELEASE\DLGSHOWANT2.OBJ
N:\21-OTHER\V2.0 MODBUS版本\TEMPDETECTION V2.0 2016.1.20\TEMPDETECTION\RELEASE\DLGSHOWANT1.OBJ
N:\21-OTHER\V2.0 MODBUS版本\TEMPDETECTION V2.0 2016.1.20\TEMPDETECTION\RELEASE\DLGSETALARM.OBJ
N:\21-OTHER\V2.0 MODBUS版本\TEMPDETECTION V2.0 2016.1.20\TEMPDETECTION\RELEASE\DLGPOWERCONTROL.OBJ
N:\21-OTHER\V2.0 MODBUS版本\TEMPDETECTION V2.0 2016.1.20\TEMPDETECTION\RELEASE\GANTTSERIES.OBJ
N:\21-OTHER\V2.0 MODBUS版本\TEMPDETECTION V2.0 2016.1.20\TEMPDETECTION\RELEASE\GAMMACORRECTIONFILTER.OBJ
N:\21-OTHER\V2.0 MODBUS版本\TEMPDETECTION V2.0 2016.1.20\TEMPDETECTION\RELEASE\FUNNELSERIES.OBJ
N:\21-OTHER\V2.0 MODBUS版本\TEMPDETECTION V2.0 2016.1.20\TEMPDETECTION\RELEASE\FRAMETOOL.OBJ
N:\21-OTHER\V2.0 MODBUS版本\TEMPDETECTION V2.0 2016.1.20\TEMPDETECTION\RELEASE\FRAMEDBORDER.OBJ
N:\21-OTHER\V2.0 MODBUS版本\TEMPDETECTION V2.0 2016.1.20\TEMPDETECTION\RELEASE\FRAMEBRUSH.OBJ
N:\21-OTHER\V2.0 MODBUS版本\TEMPDETECTION V2.0 2016.1.20\TEMPDETECTION\RELEASE\FONT.OBJ
N:\21-OTHER\V2.0 MODBUS版本\TEMPDETECTION V2.0 2016.1.20\TEMPDETECTION\RELEASE\FLOATXYZ.OBJ
N:\21-OTHER\V2.0 MODBUS版本\TEMPDETECTION V2.0 2016.1.20\TEMPDETECTION\RELEASE\FILTERREGION.OBJ
N:\21-OTHER\V2.0 MODBUS版本\TEMPDETECTION V2.0 2016.1.20\TEMPDETECTION\RELEASE\FILTERITEMS.OBJ
N:\21-OTHER\V2.0 MODBUS版本\TEMPDETECTION V2.0 2016.1.20\TEMPDETECTION\RELEASE\FIBONACCITOOL.OBJ
N:\21-OTHER\V2.0 MODBUS版本\TEMPDETECTION V2.0 2016.1.20\TEMPDETECTION\RELEASE\FIBONACCILEVELS.OBJ
N:\21-OTHER\V2.0 MODBUS版本\TEMPDETECTION V2.0 2016.1.20\TEMPDETECTION\RELEASE\FIBONACCIITEM.OBJ
N:\21-OTHER\V2.0 MODBUS版本\TEMPDETECTION V2.0 2016.1.20\TEMPDETECTION\RELEASE\FASTLINESERIES.OBJ
N:\21-OTHER\V2.0 MODBUS版本\TEMPDETECTION V2.0 2016.1.20\TEMPDETECTION\RELEASE\FADERTOOL.OBJ
N:\21-OTHER\V2.0 MODBUS版本\TEMPDETECTION V2.0 2016.1.20\TEMPDETECTION\RELEASE\EXTRALEGENDTOOL.OBJ
N:\21-OTHER\V2.0 MODBUS版本\TEMPDETECTION V2.0 2016.1.20\TEMPDETECTION\RELEASE\EXPORT.OBJ
N:\21-OTHER\V2.0 MODBUS版本\TEMPDETECTION V2.0 2016.1.20\TEMPDETECTION\RELEASE\EXPMOVAVGFUNCTION.OBJ
N:\21-OTHER\V2.0 MODBUS版本\TEMPDETECTION V2.0 2016.1.20\TEMPDETECTION\RELEASE\EXPLODEDSLICES.OBJ
N:\21-OTHER\V2.0 MODBUS版本\TEMPDETECTION V2.0 2016.1.20\TEMPDETECTION\RELEASE\EXPAVGFUNCTION.OBJ
N:\21-OTHER\V2.0 MODBUS版本\TEMPDETECTION V2.0 2016.1.20\TEMPDETECTION\RELEASE\HORIZHISTOGRAMSERIES.OBJ
N:\21-OTHER\V2.0 MODBUS版本\TEMPDETECTION V2.0 2016.1.20\TEMPDETECTION\RELEASE\HORIZBOXPLOTSERIES.OBJ
N:\21-OTHER\V2.0 MODBUS版本\TEMPDETECTION V2.0 2016.1.20\TEMPDETECTION\RELEASE\HORIZBARSERIES.OBJ
N:\21-OTHER\V2.0 MODBUS版本\TEMPDETECTION V2.0 2016.1.20\TEMPDETECTION\RELEASE\HORIZAREASERIES.OBJ
N:\21-OTHER\V2.0 MODBUS版本\TEMPDETECTION V2.0 2016.1.20\TEMPDETECTION\RELEASE\HISTOGRAMSERIES.OBJ
N:\21-OTHER\V2.0 MODBUS版本\TEMPDETECTION V2.0 2016.1.20\TEMPDETECTION\RELEASE\HISTOGRAMFUNCTION.OBJ
N:\21-OTHER\V2.0 MODBUS版本\TEMPDETECTION V2.0 2016.1.20\TEMPDETECTION\RELEASE\HIGHLOWSERIES.OBJ
N:\21-OTHER\V2.0 MODBUS版本\TEMPDETECTION V2.0 2016.1.20\TEMPDETECTION\RELEASE\HIGHLOWLINESERIES.OBJ
N:\21-OTHER\V2.0 MODBUS版本\TEMPDETECTION V2.0 2016.1.20\TEMPDETECTION\RELEASE\GRIDTRANSPOSETOOL.OBJ
N:\21-OTHER\V2.0 MODBUS版本\TEMPDETECTION V2.0 2016.1.20\TEMPDETECTION\RELEASE\GRIDBANDTOOL.OBJ
N:\21-OTHER\V2.0 MODBUS版本\TEMPDETECTION V2.0 2016.1.20\TEMPDETECTION\RELEASE\GRIDBANDBRUSH.OBJ
N:\21-OTHER\V2.0 MODBUS版本\TEMPDETECTION V2.0 2016.1.20\TEMPDETECTION\RELEASE\GRAYSCALEFILTER.OBJ
N:\21-OTHER\V2.0 MODBUS版本\TEMPDETECTION V2.0 2016.1.20\TEMPDETECTION\RELEASE\GRADIENT.OBJ
N:\21-OTHER\V2.0 MODBUS版本\TEMPDETECTION V2.0 2016.1.20\TEMPDETECTION\RELEASE\GLPOSITION.OBJ
N:\21-OTHER\V2.0 MODBUS版本\TEMPDETECTION V2.0 2016.1.20\TEMPDETECTION\RELEASE\GLLIGHTSOURCE.OBJ
N:\21-OTHER\V2.0 MODBUS版本\TEMPDETECTION V2.0 2016.1.20\TEMPDETECTION\RELEASE\GIFEXPORT.OBJ
N:\21-OTHER\V2.0 MODBUS版本\TEMPDETECTION V2.0 2016.1.20\TEMPDETECTION\RELEASE\GAUGESERIESPOINTER.OBJ
N:\21-OTHER\V2.0 MODBUS版本\TEMPDETECTION V2.0 2016.1.20\TEMPDETECTION\RELEASE\GAUGESERIES.OBJ
N:\21-OTHER\V2.0 MODBUS版本\TEMPDETECTION V2.0 2016.1.20\TEMPDETECTION\RELEASE\GAUGEPOINTERRANGE.OBJ
N:\21-OTHER\V2.0 MODBUS版本\TEMPDETECTION V2.0 2016.1.20\TEMPDETECTION\RELEASE\GANTTTOOL.OBJ
N:\21-OTHER\V2.0 MODBUS版本\TEMPDETECTION V2.0 2016.1.20\TEMPDETECTION\RELEASE\ISOSURFACESERIES.OBJ
N:\21-OTHER\V2.0 MODBUS版本\TEMPDETECTION V2.0 2016.1.20\TEMPDETECTION\RELEASE\IPLOTX.OBJ
N:\21-OTHER\V2.0 MODBUS版本\TEMPDETECTION V2.0 2016.1.20\TEMPDETECTION\RELEASE\IPLOTTOOLBARX.OBJ
N:\21-OTHER\V2.0 MODBUS版本\TEMPDETECTION V2.0 2016.1.20\TEMPDETECTION\RELEASE\IPLOTTABLEX.OBJ
N:\21-OTHER\V2.0 MODBUS版本\TEMPDETECTION V2.0 2016.1.20\TEMPDETECTION\RELEASE\IPLOTTABLECOLUMNX.OBJ
N:\21-OTHER\V2.0 MODBUS版本\TEMPDETECTION V2.0 2016.1.20\TEMPDETECTION\RELEASE\IPLOTLIMITX.OBJ
N:\21-OTHER\V2.0 MODBUS版本\TEMPDETECTION V2.0 2016.1.20\TEMPDETECTION\RELEASE\IPLOTLEGENDX.OBJ
N:\21-OTHER\V2.0 MODBUS版本\TEMPDETECTION V2.0 2016.1.20\TEMPDETECTION\RELEASE\IPLOTLABELX.OBJ
N:\21-OTHER\V2.0 MODBUS版本\TEMPDETECTION V2.0 2016.1.20\TEMPDETECTION\RELEASE\IPLOTDATAVIEWX.OBJ
N:\21-OTHER\V2.0 MODBUS版本\TEMPDETECTION V2.0 2016.1.20\TEMPDETECTION\RELEASE\IPLOTDATACURSORX.OBJ
N:\21-OTHER\V2.0 MODBUS版本\TEMPDETECTION V2.0 2016.1.20\TEMPDETECTION\RELEASE\IPLOTCHANNELX.OBJ
N:\21-OTHER\V2.0 MODBUS版本\TEMPDETECTION V2.0 2016.1.20\TEMPDETECTION\RELEASE\IPLOTAXISX.OBJ
N:\21-OTHER\V2.0 MODBUS版本\TEMPDETECTION V2.0 2016.1.20\TEMPDETECTION\RELEASE\IPLOTANNOTATIONX.OBJ
N:\21-OTHER\V2.0 MODBUS版本\TEMPDETECTION V2.0 2016.1.20\TEMPDETECTION\RELEASE\IMPORT.OBJ
N:\21-OTHER\V2.0 MODBUS版本\TEMPDETECTION V2.0 2016.1.20\TEMPDETECTION\RELEASE\IMAGEPOINTSERIES.OBJ
N:\21-OTHER\V2.0 MODBUS版本\TEMPDETECTION V2.0 2016.1.20\TEMPDETECTION\RELEASE\IMAGEBARSERIES.OBJ
N:\21-OTHER\V2.0 MODBUS版本\TEMPDETECTION V2.0 2016.1.20\TEMPDETECTION\RELEASE\ICONLISTBOX.OBJ
N:\21-OTHER\V2.0 MODBUS版本\TEMPDETECTION V2.0 2016.1.20\TEMPDETECTION\RELEASE\HUELUMSATFILTER.OBJ
N:\21-OTHER\V2.0 MODBUS版本\TEMPDETECTION V2.0 2016.1.20\TEMPDETECTION\RELEASE\HTMLEXPORT.OBJ
N:\21-OTHER\V2.0 MODBUS版本\TEMPDETECTION V2.0 2016.1.20\TEMPDETECTION\RELEASE\HORIZLINESERIES.OBJ
N:\21-OTHER\V2.0 MODBUS版本\TEMPDETECTION V2.0 2016.1.20\TEMPDETECTION\RELEASE\MAPSERIES.OBJ
N:\21-OTHER\V2.0 MODBUS版本\TEMPDETECTION V2.0 2016.1.20\TEMPDETECTION\RELEASE\MAPPOLYGONLIST.OBJ
N:\21-OTHER\V2.0 MODBUS版本\TEMPDETECTION V2.0 2016.1.20\TEMPDETECTION\RELEASE\MAPPOLYGON.OBJ
N:\21-OTHER\V2.0 MODBUS版本\TEMPDETECTION V2.0 2016.1.20\TEMPDETECTION\RELEASE\MAINFRM.OBJ
N:\21-OTHER\V2.0 MODBUS版本\TEMPDETECTION V2.0 2016.1.20\TEMPDETECTION\RELEASE\MAGNIFYTOOL.OBJ
N:\21-OTHER\V2.0 MODBUS版本\TEMPDETECTION V2.0 2016.1.20\TEMPDETECTION\RELEASE\MACDFUNCTION.OBJ
N:\21-OTHER\V2.0 MODBUS版本\TEMPDETECTION V2.0 2016.1.20\TEMPDETECTION\RELEASE\LINKTOOL.OBJ
N:\21-OTHER\V2.0 MODBUS版本\TEMPDETECTION V2.0 2016.1.20\TEMPDETECTION\RELEASE\LINESERIES.OBJ
N:\21-OTHER\V2.0 MODBUS版本\TEMPDETECTION V2.0 2016.1.20\TEMPDETECTION\RELEASE\LINEARGAUGE.OBJ
N:\21-OTHER\V2.0 MODBUS版本\TEMPDETECTION V2.0 2016.1.20\TEMPDETECTION\RELEASE\LIGHTTOOL.OBJ
N:\21-OTHER\V2.0 MODBUS版本\TEMPDETECTION V2.0 2016.1.20\TEMPDETECTION\RELEASE\LEVELSEGMENT.OBJ
N:\21-OTHER\V2.0 MODBUS版本\TEMPDETECTION V2.0 2016.1.20\TEMPDETECTION\RELEASE\LEGENDTITLE.OBJ
N:\21-OTHER\V2.0 MODBUS版本\TEMPDETECTION V2.0 2016.1.20\TEMPDETECTION\RELEASE\LEGENDSYMBOL.OBJ
N:\21-OTHER\V2.0 MODBUS版本\TEMPDETECTION V2.0 2016.1.20\TEMPDETECTION\RELEASE\LEGENDSCROLLBARTOOL.OBJ
N:\21-OTHER\V2.0 MODBUS版本\TEMPDETECTION V2.0 2016.1.20\TEMPDETECTION\RELEASE\LEGENDPALETTETOOL.OBJ
N:\21-OTHER\V2.0 MODBUS版本\TEMPDETECTION V2.0 2016.1.20\TEMPDETECTION\RELEASE\LEGENDITEMS.OBJ
N:\21-OTHER\V2.0 MODBUS版本\TEMPDETECTION V2.0 2016.1.20\TEMPDETECTION\RELEASE\LEGENDITEM.OBJ
N:\21-OTHER\V2.0 MODBUS版本\TEMPDETECTION V2.0 2016.1.20\TEMPDETECTION\RELEASE\LEGEND.OBJ
N:\21-OTHER\V2.0 MODBUS版本\TEMPDETECTION V2.0 2016.1.20\TEMPDETECTION\RELEASE\KAGISERIES.OBJ
N:\21-OTHER\V2.0 MODBUS版本\TEMPDETECTION V2.0 2016.1.20\TEMPDETECTION\RELEASE\JPEGEXPORT.OBJ
N:\21-OTHER\V2.0 MODBUS版本\TEMPDETECTION V2.0 2016.1.20\TEMPDETECTION\RELEASE\ONDRAWVIEW.OBJ
N:\21-OTHER\V2.0 MODBUS版本\TEMPDETECTION V2.0 2016.1.20\TEMPDETECTION\RELEASE\OBVFUNCTION.OBJ
N:\21-OTHER\V2.0 MODBUS版本\TEMPDETECTION V2.0 2016.1.20\TEMPDETECTION\RELEASE\NUMERICMARKER.OBJ
N:\21-OTHER\V2.0 MODBUS版本\TEMPDETECTION V2.0 2016.1.20\TEMPDETECTION\RELEASE\NUMERICGAUGE.OBJ
N:\21-OTHER\V2.0 MODBUS版本\TEMPDETECTION V2.0 2016.1.20\TEMPDETECTION\RELEASE\NEARESTTOOL.OBJ
N:\21-OTHER\V2.0 MODBUS版本\TEMPDETECTION V2.0 2016.1.20\TEMPDETECTION\RELEASE\NATIVEEXPORT.OBJ
N:\21-OTHER\V2.0 MODBUS版本\TEMPDETECTION V2.0 2016.1.20\TEMPDETECTION\RELEASE\MSFLEXGRID.OBJ
N:\21-OTHER\V2.0 MODBUS版本\TEMPDETECTION V2.0 2016.1.20\TEMPDETECTION\RELEASE\MSCOMM.OBJ
N:\21-OTHER\V2.0 MODBUS版本\TEMPDETECTION V2.0 2016.1.20\TEMPDETECTION\RELEASE\MOVINGAVGFUNCTION.OBJ
N:\21-OTHER\V2.0 MODBUS版本\TEMPDETECTION V2.0 2016.1.20\TEMPDETECTION\RELEASE\MOSAICFILTER.OBJ
N:\21-OTHER\V2.0 MODBUS版本\TEMPDETECTION V2.0 2016.1.20\TEMPDETECTION\RELEASE\MODEFUNCTION.OBJ
N:\21-OTHER\V2.0 MODBUS版本\TEMPDETECTION V2.0 2016.1.20\TEMPDETECTION\RELEASE\MIRRORFILTER.OBJ
N:\21-OTHER\V2.0 MODBUS版本\TEMPDETECTION V2.0 2016.1.20\TEMPDETECTION\RELEASE\METAFILEEXPORT.OBJ
N:\21-OTHER\V2.0 MODBUS版本\TEMPDETECTION V2.0 2016.1.20\TEMPDETECTION\RELEASE\MEDIANFUNCTION.OBJ
N:\21-OTHER\V2.0 MODBUS版本\TEMPDETECTION V2.0 2016.1.20\TEMPDETECTION\RELEASE\MARKSTIPTOOL.OBJ
N:\21-OTHER\V2.0 MODBUS版本\TEMPDETECTION V2.0 2016.1.20\TEMPDETECTION\RELEASE\MARKSSYMBOL.OBJ
N:\21-OTHER\V2.0 MODBUS版本\TEMPDETECTION V2.0 2016.1.20\TEMPDETECTION\RELEASE\MARKSITEM.OBJ
N:\21-OTHER\V2.0 MODBUS版本\TEMPDETECTION V2.0 2016.1.20\TEMPDETECTION\RELEASE\MARKSCALLOUT.OBJ
N:\21-OTHER\V2.0 MODBUS版本\TEMPDETECTION V2.0 2016.1.20\TEMPDETECTION\RELEASE\MARKS.OBJ
N:\21-OTHER\V2.0 MODBUS版本\TEMPDETECTION V2.0 2016.1.20\TEMPDETECTION\RELEASE\MARGINS.OBJ
N:\21-OTHER\V2.0 MODBUS版本\TEMPDETECTION V2.0 2016.1.20\TEMPDETECTION\RELEASE\POINTER.OBJ
N:\21-OTHER\V2.0 MODBUS版本\TEMPDETECTION V2.0 2016.1.20\TEMPDETECTION\RELEASE\POINTARRAY.OBJ
N:\21-OTHER\V2.0 MODBUS版本\TEMPDETECTION V2.0 2016.1.20\TEMPDETECTION\RELEASE\POINT3DSERIES.OBJ
N:\21-OTHER\V2.0 MODBUS版本\TEMPDETECTION V2.0 2016.1.20\TEMPDETECTION\RELEASE\PNGEXPORT.OBJ
N:\21-OTHER\V2.0 MODBUS版本\TEMPDETECTION V2.0 2016.1.20\TEMPDETECTION\RELEASE\PIETOOL.OBJ
N:\21-OTHER\V2.0 MODBUS版本\TEMPDETECTION V2.0 2016.1.20\TEMPDETECTION\RELEASE\PIESERIES.OBJ
N:\21-OTHER\V2.0 MODBUS版本\TEMPDETECTION V2.0 2016.1.20\TEMPDETECTION\RELEASE\PIEOTHERSLICE.OBJ
N:\21-OTHER\V2.0 MODBUS版本\TEMPDETECTION V2.0 2016.1.20\TEMPDETECTION\RELEASE\PIEMARKS.OBJ
N:\21-OTHER\V2.0 MODBUS版本\TEMPDETECTION V2.0 2016.1.20\TEMPDETECTION\RELEASE\PICTURE.OBJ
N:\21-OTHER\V2.0 MODBUS版本\TEMPDETECTION V2.0 2016.1.20\TEMPDETECTION\RELEASE\PERFORMANCEFUNCTION.OBJ
N:\21-OTHER\V2.0 MODBUS版本\TEMPDETECTION V2.0 2016.1.20\TEMPDETECTION\RELEASE\PEN.OBJ
N:\21-OTHER\V2.0 MODBUS版本\TEMPDETECTION V2.0 2016.1.20\TEMPDETECTION\RELEASE\PDFEXPORT.OBJ
N:\21-OTHER\V2.0 MODBUS版本\TEMPDETECTION V2.0 2016.1.20\TEMPDETECTION\RELEASE\PCXEXPORT.OBJ
N:\21-OTHER\V2.0 MODBUS版本\TEMPDETECTION V2.0 2016.1.20\TEMPDETECTION\RELEASE\PANEL.OBJ
N:\21-OTHER\V2.0 MODBUS版本\TEMPDETECTION V2.0 2016.1.20\TEMPDETECTION\RELEASE\PAGENUMTOOL.OBJ
N:\21-OTHER\V2.0 MODBUS版本\TEMPDETECTION V2.0 2016.1.20\TEMPDETECTION\RELEASE\PAGE.OBJ
N:\21-OTHER\V2.0 MODBUS版本\TEMPDETECTION V2.0 2016.1.20\TEMPDETECTION\RELEASE\ORGSHAPE.OBJ
N:\21-OTHER\V2.0 MODBUS版本\TEMPDETECTION V2.0 2016.1.20\TEMPDETECTION\RELEASE\ORGSERIES.OBJ
N:\21-OTHER\V2.0 MODBUS版本\TEMPDETECTION V2.0 2016.1.20\TEMPDETECTION\RELEASE\ORGITEMCOLLECTION.OBJ
N:\21-OTHER\V2.0 MODBUS版本\TEMPDETECTION V2.0 2016.1.20\TEMPDETECTION\RELEASE\ORGITEM.OBJ
N:\21-OTHER\V2.0 MODBUS版本\TEMPDETECTION V2.0 2016.1.20\TEMPDETECTION\RELEASE\SCROLL.OBJ
N:\21-OTHER\V2.0 MODBUS版本\TEMPDETECTION V2.0 2016.1.20\TEMPDETECTION\RELEASE\SARFUNCTION.OBJ
N:\21-OTHER\V2.0 MODBUS版本\TEMPDETECTION V2.0 2016.1.20\TEMPDETECTION\RELEASE\RSIFUNCTION.OBJ
N:\21-OTHER\V2.0 MODBUS版本\TEMPDETECTION V2.0 2016.1.20\TEMPDETECTION\RELEASE\ROWCURSOR.OBJ
N:\21-OTHER\V2.0 MODBUS版本\TEMPDETECTION V2.0 2016.1.20\TEMPDETECTION\RELEASE\ROTATETOOL.OBJ
N:\21-OTHER\V2.0 MODBUS版本\TEMPDETECTION V2.0 2016.1.20\TEMPDETECTION\RELEASE\ROTATEFILTER.OBJ
N:\21-OTHER\V2.0 MODBUS版本\TEMPDETECTION V2.0 2016.1.20\TEMPDETECTION\RELEASE\RMSFUNCTION.OBJ
N:\21-OTHER\V2.0 MODBUS版本\TEMPDETECTION V2.0 2016.1.20\TEMPDETECTION\RELEASE\RESIZEFILTER.OBJ
N:\21-OTHER\V2.0 MODBUS版本\TEMPDETECTION V2.0 2016.1.20\TEMPDETECTION\RELEASE\RENKOSERIES.OBJ
N:\21-OTHER\V2.0 MODBUS版本\TEMPDETECTION V2.0 2016.1.20\TEMPDETECTION\RELEASE\RECTANGLETOOL.OBJ
N:\21-OTHER\V2.0 MODBUS版本\TEMPDETECTION V2.0 2016.1.20\TEMPDETECTION\RELEASE\RADARSERIES.OBJ
N:\21-OTHER\V2.0 MODBUS版本\TEMPDETECTION V2.0 2016.1.20\TEMPDETECTION\RELEASE\PYRAMIDSERIES.OBJ
N:\21-OTHER\V2.0 MODBUS版本\TEMPDETECTION V2.0 2016.1.20\TEMPDETECTION\RELEASE\PVOFUNCTION.OBJ
N:\21-OTHER\V2.0 MODBUS版本\TEMPDETECTION V2.0 2016.1.20\TEMPDETECTION\RELEASE\PRINTERSETTINGS.OBJ
N:\21-OTHER\V2.0 MODBUS版本\TEMPDETECTION V2.0 2016.1.20\TEMPDETECTION\RELEASE\PRINTER.OBJ
N:\21-OTHER\V2.0 MODBUS版本\TEMPDETECTION V2.0 2016.1.20\TEMPDETECTION\RELEASE\POLARSERIES.OBJ
N:\21-OTHER\V2.0 MODBUS版本\TEMPDETECTION V2.0 2016.1.20\TEMPDETECTION\RELEASE\POLARGRIDSERIES.OBJ
N:\21-OTHER\V2.0 MODBUS版本\TEMPDETECTION V2.0 2016.1.20\TEMPDETECTION\RELEASE\POLARBARSERIES.OBJ
N:\21-OTHER\V2.0 MODBUS版本\TEMPDETECTION V2.0 2016.1.20\TEMPDETECTION\RELEASE\POINTSERIES.OBJ
N:\21-OTHER\V2.0 MODBUS版本\TEMPDETECTION V2.0 2016.1.20\TEMPDETECTION\RELEASE\POINTFIGURESERIES.OBJ
N:\21-OTHER\V2.0 MODBUS版本\TEMPDETECTION V2.0 2016.1.20\TEMPDETECTION\RELEASE\SPACING.OBJ
N:\21-OTHER\V2.0 MODBUS版本\TEMPDETECTION V2.0 2016.1.20\TEMPDETECTION\RELEASE\SOFTENFILTER.OBJ
N:\21-OTHER\V2.0 MODBUS版本\TEMPDETECTION V2.0 2016.1.20\TEMPDETECTION\RELEASE\SMOOTHPOINTS.OBJ
N:\21-OTHER\V2.0 MODBUS版本\TEMPDETECTION V2.0 2016.1.20\TEMPDETECTION\RELEASE\SMOOTHINGFUNCTION.OBJ
N:\21-OTHER\V2.0 MODBUS版本\TEMPDETECTION V2.0 2016.1.20\TEMPDETECTION\RELEASE\SMITHSERIES.OBJ
N:\21-OTHER\V2.0 MODBUS版本\TEMPDETECTION V2.0 2016.1.20\TEMPDETECTION\RELEASE\SHOWMESSAGEVIEW.OBJ
N:\21-OTHER\V2.0 MODBUS版本\TEMPDETECTION V2.0 2016.1.20\TEMPDETECTION\RELEASE\SHARPENFILTER.OBJ
N:\21-OTHER\V2.0 MODBUS版本\TEMPDETECTION V2.0 2016.1.20\TEMPDETECTION\RELEASE\SHAPESERIES.OBJ
N:\21-OTHER\V2.0 MODBUS版本\TEMPDETECTION V2.0 2016.1.20\TEMPDETECTION\RELEASE\SERIESSTATSTOOL.OBJ
N:\21-OTHER\V2.0 MODBUS版本\TEMPDETECTION V2.0 2016.1.20\TEMPDETECTION\RELEASE\SERIESREGIONTOOL.OBJ
N:\21-OTHER\V2.0 MODBUS版本\TEMPDETECTION V2.0 2016.1.20\TEMPDETECTION\RELEASE\SERIESMARKSPOSITIONS.OBJ
N:\21-OTHER\V2.0 MODBUS版本\TEMPDETECTION V2.0 2016.1.20\TEMPDETECTION\RELEASE\SERIESMARKPOSITION.OBJ
N:\21-OTHER\V2.0 MODBUS版本\TEMPDETECTION V2.0 2016.1.20\TEMPDETECTION\RELEASE\SERIESLIST.OBJ
N:\21-OTHER\V2.0 MODBUS版本\TEMPDETECTION V2.0 2016.1.20\TEMPDETECTION\RELEASE\SERIESGROUPS.OBJ
N:\21-OTHER\V2.0 MODBUS版本\TEMPDETECTION V2.0 2016.1.20\TEMPDETECTION\RELEASE\SERIESGROUP.OBJ
N:\21-OTHER\V2.0 MODBUS版本\TEMPDETECTION V2.0 2016.1.20\TEMPDETECTION\RELEASE\SERIESBANDTOOL.OBJ
N:\21-OTHER\V2.0 MODBUS版本\TEMPDETECTION V2.0 2016.1.20\TEMPDETECTION\RELEASE\SERIESANIMATIONTOOL.OBJ
N:\21-OTHER\V2.0 MODBUS版本\TEMPDETECTION V2.0 2016.1.20\TEMPDETECTION\RELEASE\SERIES.OBJ
N:\21-OTHER\V2.0 MODBUS版本\TEMPDETECTION V2.0 2016.1.20\TEMPDETECTION\RELEASE\SELECTORTOOL.OBJ
N:\21-OTHER\V2.0 MODBUS版本\TEMPDETECTION V2.0 2016.1.20\TEMPDETECTION\RELEASE\SCROLLBARTHUMB.OBJ
N:\21-OTHER\V2.0 MODBUS版本\TEMPDETECTION V2.0 2016.1.20\TEMPDETECTION\RELEASE\TEERECT.OBJ
N:\21-OTHER\V2.0 MODBUS版本\TEMPDETECTION V2.0 2016.1.20\TEMPDETECTION\RELEASE\TEEPOINT3D.OBJ
N:\21-OTHER\V2.0 MODBUS版本\TEMPDETECTION V2.0 2016.1.20\TEMPDETECTION\RELEASE\TEEPOINT2D.OBJ
N:\21-OTHER\V2.0 MODBUS版本\TEMPDETECTION V2.0 2016.1.20\TEMPDETECTION\RELEASE\TEEPICTURE.OBJ
N:\21-OTHER\V2.0 MODBUS版本\TEMPDETECTION V2.0 2016.1.20\TEMPDETECTION\RELEASE\TEEOPENGL.OBJ
N:\21-OTHER\V2.0 MODBUS版本\TEMPDETECTION V2.0 2016.1.20\TEMPDETECTION\RELEASE\TEEFUNCTION.OBJ
N:\21-OTHER\V2.0 MODBUS版本\TEMPDETECTION V2.0 2016.1.20\TEMPDETECTION\RELEASE\TEEFONT.OBJ
N:\21-OTHER\V2.0 MODBUS版本\TEMPDETECTION V2.0 2016.1.20\TEMPDETECTION\RELEASE\TEEFILTER.OBJ
N:\21-OTHER\V2.0 MODBUS版本\TEMPDETECTION V2.0 2016.1.20\TEMPDETECTION\RELEASE\TEECUSTOMSHAPE.OBJ
N:\21-OTHER\V2.0 MODBUS版本\TEMPDETECTION V2.0 2016.1.20\TEMPDETECTION\RELEASE\TCHART.OBJ
N:\21-OTHER\V2.0 MODBUS版本\TEMPDETECTION V2.0 2016.1.20\TEMPDETECTION\RELEASE\TAGCLOUDSERIES.OBJ
N:\21-OTHER\V2.0 MODBUS版本\TEMPDETECTION V2.0 2016.1.20\TEMPDETECTION\RELEASE\TABLELEGEND.OBJ
N:\21-OTHER\V2.0 MODBUS版本\TEMPDETECTION V2.0 2016.1.20\TEMPDETECTION\RELEASE\SVGEXPORT.OBJ
N:\21-OTHER\V2.0 MODBUS版本\TEMPDETECTION V2.0 2016.1.20\TEMPDETECTION\RELEASE\SURFACESIDES.OBJ
N:\21-OTHER\V2.0 MODBUS版本\TEMPDETECTION V2.0 2016.1.20\TEMPDETECTION\RELEASE\SURFACESERIES.OBJ
N:\21-OTHER\V2.0 MODBUS版本\TEMPDETECTION V2.0 2016.1.20\TEMPDETECTION\RELEASE\SURFACENEARESTTOOL.OBJ
N:\21-OTHER\V2.0 MODBUS版本\TEMPDETECTION V2.0 2016.1.20\TEMPDETECTION\RELEASE\SUBSETTEEFUNCTION.OBJ
N:\21-OTHER\V2.0 MODBUS版本\TEMPDETECTION V2.0 2016.1.20\TEMPDETECTION\RELEASE\SUBGRADIENT.OBJ
N:\21-OTHER\V2.0 MODBUS版本\TEMPDETECTION V2.0 2016.1.20\TEMPDETECTION\RELEASE\STRINGS.OBJ
N:\21-OTHER\V2.0 MODBUS版本\TEMPDETECTION V2.0 2016.1.20\TEMPDETECTION\RELEASE\STDDEVIATIONFUNCTION.OBJ
N:\21-OTHER\V2.0 MODBUS版本\TEMPDETECTION V2.0 2016.1.20\TEMPDETECTION\RELEASE\VIDEOPLAYERTOOL.OBJ
N:\21-OTHER\V2.0 MODBUS版本\TEMPDETECTION V2.0 2016.1.20\TEMPDETECTION\RELEASE\VECTOR3DSERIES.OBJ
N:\21-OTHER\V2.0 MODBUS版本\TEMPDETECTION V2.0 2016.1.20\TEMPDETECTION\RELEASE\VALUELISTS.OBJ
N:\21-OTHER\V2.0 MODBUS版本\TEMPDETECTION V2.0 2016.1.20\TEMPDETECTION\RELEASE\VALUELIST.OBJ
N:\21-OTHER\V2.0 MODBUS版本\TEMPDETECTION V2.0 2016.1.20\TEMPDETECTION\RELEASE\TRISURFACESERIES.OBJ
N:\21-OTHER\V2.0 MODBUS版本\TEMPDETECTION V2.0 2016.1.20\TEMPDETECTION\RELEASE\TRENDFUNCTION.OBJ
N:\21-OTHER\V2.0 MODBUS版本\TEMPDETECTION V2.0 2016.1.20\TEMPDETECTION\RELEASE\TRANSPOSESERIESTOOL.OBJ
N:\21-OTHER\V2.0 MODBUS版本\TEMPDETECTION V2.0 2016.1.20\TEMPDETECTION\RELEASE\TOWERSERIES.OBJ
N:\21-OTHER\V2.0 MODBUS版本\TEMPDETECTION V2.0 2016.1.20\TEMPDETECTION\RELEASE\TOOLS.OBJ
N:\21-OTHER\V2.0 MODBUS版本\TEMPDETECTION V2.0 2016.1.20\TEMPDETECTION\RELEASE\TOOLLIST.OBJ
N:\21-OTHER\V2.0 MODBUS版本\TEMPDETECTION V2.0 2016.1.20\TEMPDETECTION\RELEASE\TITLES.OBJ
N:\21-OTHER\V2.0 MODBUS版本\TEMPDETECTION V2.0 2016.1.20\TEMPDETECTION\RELEASE\TILEFILTER.OBJ
N:\21-OTHER\V2.0 MODBUS版本\TEMPDETECTION V2.0 2016.1.20\TEMPDETECTION\RELEASE\TEXTEXPORT.OBJ
N:\21-OTHER\V2.0 MODBUS版本\TEMPDETECTION V2.0 2016.1.20\TEMPDETECTION\RELEASE\TEXT3DTOOL.OBJ
N:\21-OTHER\V2.0 MODBUS版本\TEMPDETECTION V2.0 2016.1.20\TEMPDETECTION\RELEASE\TEMPDETECTIONVIEW.OBJ
N:\21-OTHER\V2.0 MODBUS版本\TEMPDETECTION V2.0 2016.1.20\TEMPDETECTION\RELEASE\TEMPDETECTIONDOC.OBJ
N:\21-OTHER\V2.0 MODBUS版本\TEMPDETECTION V2.0 2016.1.20\TEMPDETECTION\RELEASE\TEMPDETECTION.OBJ
N:\21-OTHER\V2.0 MODBUS版本\TEMPDETECTION V2.0 2016.1.20\TEMPDETECTION\RELEASE\TEESHAPEPANEL.OBJ
N:\21-OTHER\V2.0 MODBUS版本\TEMPDETECTION V2.0 2016.1.20\TEMPDETECTION\RELEASE\TEESHAPE.OBJ
N:\21-OTHER\V2.0 MODBUS版本\TEMPDETECTION V2.0 2016.1.20\TEMPDETECTION\RELEASE\TEESHADOW.OBJ
N:\21-OTHER\V2.0 MODBUS版本\TEMPDETECTION V2.0 2016.1.20\TEMPDETECTION\RELEASE\ZOOMFILTER.OBJ
N:\21-OTHER\V2.0 MODBUS版本\TEMPDETECTION V2.0 2016.1.20\TEMPDETECTION\RELEASE\ZOOM.OBJ
N:\21-OTHER\V2.0 MODBUS版本\TEMPDETECTION V2.0 2016.1.20\TEMPDETECTION\RELEASE\XMLEXPORT.OBJ
N:\21-OTHER\V2.0 MODBUS版本\TEMPDETECTION V2.0 2016.1.20\TEMPDETECTION\RELEASE\XLSEXPORT.OBJ
N:\21-OTHER\V2.0 MODBUS版本\TEMPDETECTION V2.0 2016.1.20\TEMPDETECTION\RELEASE\XAMLEXPORT.OBJ
N:\21-OTHER\V2.0 MODBUS版本\TEMPDETECTION V2.0 2016.1.20\TEMPDETECTION\RELEASE\WORLDSERIES.OBJ
N:\21-OTHER\V2.0 MODBUS版本\TEMPDETECTION V2.0 2016.1.20\TEMPDETECTION\RELEASE\WINDROSESERIES.OBJ
N:\21-OTHER\V2.0 MODBUS版本\TEMPDETECTION V2.0 2016.1.20\TEMPDETECTION\RELEASE\WATERFALLSERIES.OBJ
N:\21-OTHER\V2.0 MODBUS版本\TEMPDETECTION V2.0 2016.1.20\TEMPDETECTION\RELEASE\WALLS.OBJ
N:\21-OTHER\V2.0 MODBUS版本\TEMPDETECTION V2.0 2016.1.20\TEMPDETECTION\RELEASE\WALL.OBJ
N:\21-OTHER\V2.0 MODBUS版本\TEMPDETECTION V2.0 2016.1.20\TEMPDETECTION\RELEASE\VOLUMESERIES.OBJ
N:\21-OTHER\V2.0 MODBUS版本\TEMPDETECTION V2.0 2016.1.20\TEMPDETECTION\RELEASE\VOLUMEPIPESERIES.OBJ
N:\21-OTHER\V2.0 MODBUS版本\TEMPDETECTION V2.0 2016.1.20\TEMPDETECTION\RELEASE\VIDEOTOOL.OBJ
N:\21-OTHER\V2.0 MODBUS版本\TEMPDETECTION V2.0 2016.1.20\RELEASE\TEMPDETECTION.EXE
N:\21-OTHER\V2.0 MODBUS版本\TEMPDETECTION V2.0 2016.1.20\RELEASE\TEMPDETECTION.PDB
N:\21-OTHER\V2.0 MODBUS版本\TEMPDETECTION V2.0 2016.1.20\TEMPDETECTION\RELEASE\TEMPDETECTION.RES
N:\21-Other\V2.0 modbus版本\TempDetection V2.0 2016.1.20\TempDetection\Release\adxfunction.obj
N:\21-Other\V2.0 modbus版本\TempDetection V2.0 2016.1.20\TempDetection\Release\amountfilter.obj
N:\21-Other\V2.0 modbus版本\TempDetection V2.0 2016.1.20\TempDetection\Release\annotationcallout.obj
N:\21-Other\V2.0 modbus版本\TempDetection V2.0 2016.1.20\TempDetection\Release\annotationtool.obj
N:\21-Other\V2.0 modbus版本\TempDetection V2.0 2016.1.20\TempDetection\Release\antialiastool.obj
N:\21-Other\V2.0 modbus版本\TempDetection V2.0 2016.1.20\TempDetection\Release\areaseries.obj
N:\21-Other\V2.0 modbus版本\TempDetection V2.0 2016.1.20\TempDetection\Release\arrowseries.obj
N:\21-Other\V2.0 modbus版本\TempDetection V2.0 2016.1.20\TempDetection\Release\aspect.obj
N:\21-Other\V2.0 modbus版本\TempDetection V2.0 2016.1.20\TempDetection\Release\averagefunction.obj
N:\21-Other\V2.0 modbus版本\TempDetection V2.0 2016.1.20\TempDetection\Release\axes.obj
N:\21-Other\V2.0 modbus版本\TempDetection V2.0 2016.1.20\TempDetection\Release\axis.obj
N:\21-Other\V2.0 modbus版本\TempDetection V2.0 2016.1.20\TempDetection\Release\axisarrowtool.obj
N:\21-Other\V2.0 modbus版本\TempDetection V2.0 2016.1.20\TempDetection\Release\axisgridpen.obj
N:\21-Other\V2.0 modbus版本\TempDetection V2.0 2016.1.20\TempDetection\Release\axislabels.obj
N:\21-Other\V2.0 modbus版本\TempDetection V2.0 2016.1.20\TempDetection\Release\axislabelsitem.obj
N:\21-Other\V2.0 modbus版本\TempDetection V2.0 2016.1.20\TempDetection\Release\axisscrolltool.obj
N:\21-Other\V2.0 modbus版本\TempDetection V2.0 2016.1.20\TempDetection\Release\axistitle.obj
N:\21-Other\V2.0 modbus版本\TempDetection V2.0 2016.1.20\TempDetection\Release\backimage.obj
N:\21-Other\V2.0 modbus版本\TempDetection V2.0 2016.1.20\TempDetection\Release\bannertool.obj
N:\21-Other\V2.0 modbus版本\TempDetection V2.0 2016.1.20\TempDetection\Release\bar3dseries.obj
N:\21-Other\V2.0 modbus版本\TempDetection V2.0 2016.1.20\TempDetection\Release\barjoinseries.obj
N:\21-Other\V2.0 modbus版本\TempDetection V2.0 2016.1.20\TempDetection\Release\barseries.obj
N:\21-Other\V2.0 modbus版本\TempDetection V2.0 2016.1.20\TempDetection\Release\bevelfilter.obj
N:\21-Other\V2.0 modbus版本\TempDetection V2.0 2016.1.20\TempDetection\Release\bezierseries.obj
N:\21-Other\V2.0 modbus版本\TempDetection V2.0 2016.1.20\TempDetection\Release\blurfilter.obj
N:\21-Other\V2.0 modbus版本\TempDetection V2.0 2016.1.20\TempDetection\Release\bmpexport.obj
N:\21-Other\V2.0 modbus版本\TempDetection V2.0 2016.1.20\TempDetection\Release\bollingerfunction.obj
N:\21-Other\V2.0 modbus版本\TempDetection V2.0 2016.1.20\TempDetection\Release\boxplotseries.obj
N:\21-Other\V2.0 modbus版本\TempDetection V2.0 2016.1.20\TempDetection\Release\brightnessfilter.obj
N:\21-Other\V2.0 modbus版本\TempDetection V2.0 2016.1.20\TempDetection\Release\brush.obj
N:\21-Other\V2.0 modbus版本\TempDetection V2.0 2016.1.20\TempDetection\Release\BtnST.obj
N:\21-Other\V2.0 modbus版本\TempDetection V2.0 2016.1.20\TempDetection\Release\bubble3dseries.obj
N:\21-Other\V2.0 modbus版本\TempDetection V2.0 2016.1.20\TempDetection\Release\bubbleseries.obj
N:\21-Other\V2.0 modbus版本\TempDetection V2.0 2016.1.20\TempDetection\Release\calendarcell.obj
N:\21-Other\V2.0 modbus版本\TempDetection V2.0 2016.1.20\TempDetection\Release\calendarcellupper.obj
N:\21-Other\V2.0 modbus版本\TempDetection V2.0 2016.1.20\TempDetection\Release\calendarseries.obj
N:\21-Other\V2.0 modbus版本\TempDetection V2.0 2016.1.20\TempDetection\Release\candleseries.obj
N:\21-Other\V2.0 modbus版本\TempDetection V2.0 2016.1.20\TempDetection\Release\canvas.obj
N:\21-Other\V2.0 modbus版本\TempDetection V2.0 2016.1.20\TempDetection\Release\ccifunction.obj
N:\21-Other\V2.0 modbus版本\TempDetection V2.0 2016.1.20\TempDetection\Release\chartaxispen.obj
N:\21-Other\V2.0 modbus版本\TempDetection V2.0 2016.1.20\TempDetection\Release\chartfont.obj
N:\21-Other\V2.0 modbus版本\TempDetection V2.0 2016.1.20\TempDetection\Release\charthiddenpen.obj
N:\21-Other\V2.0 modbus版本\TempDetection V2.0 2016.1.20\TempDetection\Release\chartimagetool.obj
N:\21-Other\V2.0 modbus版本\TempDetection V2.0 2016.1.20\TempDetection\Release\circlelabels.obj
N:\21-Other\V2.0 modbus版本\TempDetection V2.0 2016.1.20\TempDetection\Release\circulargauge.obj
N:\21-Other\V2.0 modbus版本\TempDetection V2.0 2016.1.20\TempDetection\Release\clipseriestool.obj
N:\21-Other\V2.0 modbus版本\TempDetection V2.0 2016.1.20\TempDetection\Release\clockseries.obj
N:\21-Other\V2.0 modbus版本\TempDetection V2.0 2016.1.20\TempDetection\Release\clvfunction.obj
N:\21-Other\V2.0 modbus版本\TempDetection V2.0 2016.1.20\TempDetection\Release\colorbandtool.obj
N:\21-Other\V2.0 modbus版本\TempDetection V2.0 2016.1.20\TempDetection\Release\colorfilter.obj
N:\21-Other\V2.0 modbus版本\TempDetection V2.0 2016.1.20\TempDetection\Release\colorgridseries.obj
N:\21-Other\V2.0 modbus版本\TempDetection V2.0 2016.1.20\TempDetection\Release\colorlinetool.obj
N:\21-Other\V2.0 modbus版本\TempDetection V2.0 2016.1.20\TempDetection\Release\CommEdit.obj
N:\21-Other\V2.0 modbus版本\TempDetection V2.0 2016.1.20\TempDetection\Release\compressfunction.obj
N:\21-Other\V2.0 modbus版本\TempDetection V2.0 2016.1.20\TempDetection\Release\ContentSheet.obj
N:\21-Other\V2.0 modbus版本\TempDetection V2.0 2016.1.20\TempDetection\Release\contourlevel.obj
N:\21-Other\V2.0 modbus版本\TempDetection V2.0 2016.1.20\TempDetection\Release\contourlevels.obj
N:\21-Other\V2.0 modbus版本\TempDetection V2.0 2016.1.20\TempDetection\Release\contourmarks.obj
N:\21-Other\V2.0 modbus版本\TempDetection V2.0 2016.1.20\TempDetection\Release\contourseries.obj
N:\21-Other\V2.0 modbus版本\TempDetection V2.0 2016.1.20\TempDetection\Release\contrastfilter.obj
N:\21-Other\V2.0 modbus版本\TempDetection V2.0 2016.1.20\TempDetection\Release\cropfilter.obj
N:\21-Other\V2.0 modbus版本\TempDetection V2.0 2016.1.20\TempDetection\Release\cursortool.obj
N:\21-Other\V2.0 modbus版本\TempDetection V2.0 2016.1.20\TempDetection\Release\curvefittingfunction.obj
N:\21-Other\V2.0 modbus版本\TempDetection V2.0 2016.1.20\TempDetection\Release\custom3dpaletteseries.obj
N:\21-Other\V2.0 modbus版本\TempDetection V2.0 2016.1.20\TempDetection\Release\customfunction.obj
N:\21-Other\V2.0 modbus版本\TempDetection V2.0 2016.1.20\TempDetection\Release\darvasseries.obj
N:\21-Other\V2.0 modbus版本\TempDetection V2.0 2016.1.20\TempDetection\Release\datatabletool.obj
N:\21-Other\V2.0 modbus版本\TempDetection V2.0 2016.1.20\TempDetection\Release\deltapointseries.obj
N:\21-Other\V2.0 modbus版本\TempDetection V2.0 2016.1.20\TempDetection\Release\DlgAlarmHistory.obj
N:\21-Other\V2.0 modbus版本\TempDetection V2.0 2016.1.20\TempDetection\Release\DlgAlarmShow.obj
N:\21-Other\V2.0 modbus版本\TempDetection V2.0 2016.1.20\TempDetection\Release\DlgCalibrate.obj
N:\21-Other\V2.0 modbus版本\TempDetection V2.0 2016.1.20\TempDetection\Release\DlgChangeUser.obj
N:\21-Other\V2.0 modbus版本\TempDetection V2.0 2016.1.20\TempDetection\Release\DlgConfig.obj
N:\21-Other\V2.0 modbus版本\TempDetection V2.0 2016.1.20\TempDetection\Release\DlgCtlSingleReader.obj
N:\21-Other\V2.0 modbus版本\TempDetection V2.0 2016.1.20\TempDetection\Release\DlgFactorySet.obj
N:\21-Other\V2.0 modbus版本\TempDetection V2.0 2016.1.20\TempDetection\Release\DlgHistory.obj
N:\21-Other\V2.0 modbus版本\TempDetection V2.0 2016.1.20\TempDetection\Release\DlgLogin.obj
N:\21-Other\V2.0 modbus版本\TempDetection V2.0 2016.1.20\TempDetection\Release\DlgMainShow.obj
N:\21-Other\V2.0 modbus版本\TempDetection V2.0 2016.1.20\TempDetection\Release\DlgModifyReaderID.obj
N:\21-Other\V2.0 modbus版本\TempDetection V2.0 2016.1.20\TempDetection\Release\DlgPosition.obj
N:\21-Other\V2.0 modbus版本\TempDetection V2.0 2016.1.20\TempDetection\Release\DlgPowerControl.obj
N:\21-Other\V2.0 modbus版本\TempDetection V2.0 2016.1.20\TempDetection\Release\DlgSetAlarm.obj
N:\21-Other\V2.0 modbus版本\TempDetection V2.0 2016.1.20\TempDetection\Release\DlgShowAnt1.obj
N:\21-Other\V2.0 modbus版本\TempDetection V2.0 2016.1.20\TempDetection\Release\DlgShowAnt2.obj
N:\21-Other\V2.0 modbus版本\TempDetection V2.0 2016.1.20\TempDetection\Release\DlgShowAnt3.obj
N:\21-Other\V2.0 modbus版本\TempDetection V2.0 2016.1.20\TempDetection\Release\DlgShowAnt4.obj
N:\21-Other\V2.0 modbus版本\TempDetection V2.0 2016.1.20\TempDetection\Release\DlgUpdateFirmware.obj
N:\21-Other\V2.0 modbus版本\TempDetection V2.0 2016.1.20\TempDetection\Release\DlgUserSet.obj
N:\21-Other\V2.0 modbus版本\TempDetection V2.0 2016.1.20\TempDetection\Release\donutseries.obj
N:\21-Other\V2.0 modbus版本\TempDetection V2.0 2016.1.20\TempDetection\Release\downsamplingfunction.obj
N:\21-Other\V2.0 modbus版本\TempDetection V2.0 2016.1.20\TempDetection\Release\dragmarkstool.obj
N:\21-Other\V2.0 modbus版本\TempDetection V2.0 2016.1.20\TempDetection\Release\dragpointtool.obj
N:\21-Other\V2.0 modbus版本\TempDetection V2.0 2016.1.20\TempDetection\Release\drawline.obj
N:\21-Other\V2.0 modbus版本\TempDetection V2.0 2016.1.20\TempDetection\Release\drawlinelist.obj
N:\21-Other\V2.0 modbus版本\TempDetection V2.0 2016.1.20\TempDetection\Release\drawlinetool.obj
N:\21-Other\V2.0 modbus版本\TempDetection V2.0 2016.1.20\TempDetection\Release\embossfilter.obj
N:\21-Other\V2.0 modbus版本\TempDetection V2.0 2016.1.20\TempDetection\Release\environment.obj
N:\21-Other\V2.0 modbus版本\TempDetection V2.0 2016.1.20\TempDetection\Release\epsexport.obj
N:\21-Other\V2.0 modbus版本\TempDetection V2.0 2016.1.20\TempDetection\Release\errorbarseries.obj
N:\21-Other\V2.0 modbus版本\TempDetection V2.0 2016.1.20\TempDetection\Release\errorseries.obj
N:\21-Other\V2.0 modbus版本\TempDetection V2.0 2016.1.20\TempDetection\Release\expavgfunction.obj
N:\21-Other\V2.0 modbus版本\TempDetection V2.0 2016.1.20\TempDetection\Release\explodedslices.obj
N:\21-Other\V2.0 modbus版本\TempDetection V2.0 2016.1.20\TempDetection\Release\expmovavgfunction.obj
N:\21-Other\V2.0 modbus版本\TempDetection V2.0 2016.1.20\TempDetection\Release\export.obj
N:\21-Other\V2.0 modbus版本\TempDetection V2.0 2016.1.20\TempDetection\Release\extralegendtool.obj
N:\21-Other\V2.0 modbus版本\TempDetection V2.0 2016.1.20\TempDetection\Release\fadertool.obj
N:\21-Other\V2.0 modbus版本\TempDetection V2.0 2016.1.20\TempDetection\Release\fastlineseries.obj
N:\21-Other\V2.0 modbus版本\TempDetection V2.0 2016.1.20\TempDetection\Release\fibonacciitem.obj
N:\21-Other\V2.0 modbus版本\TempDetection V2.0 2016.1.20\TempDetection\Release\fibonaccilevels.obj
N:\21-Other\V2.0 modbus版本\TempDetection V2.0 2016.1.20\TempDetection\Release\fibonaccitool.obj
N:\21-Other\V2.0 modbus版本\TempDetection V2.0 2016.1.20\TempDetection\Release\filteritems.obj
N:\21-Other\V2.0 modbus版本\TempDetection V2.0 2016.1.20\TempDetection\Release\filterregion.obj
N:\21-Other\V2.0 modbus版本\TempDetection V2.0 2016.1.20\TempDetection\Release\floatxyz.obj
N:\21-Other\V2.0 modbus版本\TempDetection V2.0 2016.1.20\TempDetection\Release\font.obj
N:\21-Other\V2.0 modbus版本\TempDetection V2.0 2016.1.20\TempDetection\Release\framebrush.obj
N:\21-Other\V2.0 modbus版本\TempDetection V2.0 2016.1.20\TempDetection\Release\framedborder.obj
N:\21-Other\V2.0 modbus版本\TempDetection V2.0 2016.1.20\TempDetection\Release\frametool.obj
N:\21-Other\V2.0 modbus版本\TempDetection V2.0 2016.1.20\TempDetection\Release\funnelseries.obj
N:\21-Other\V2.0 modbus版本\TempDetection V2.0 2016.1.20\TempDetection\Release\gammacorrectionfilter.obj
N:\21-Other\V2.0 modbus版本\TempDetection V2.0 2016.1.20\TempDetection\Release\ganttseries.obj
N:\21-Other\V2.0 modbus版本\TempDetection V2.0 2016.1.20\TempDetection\Release\gantttool.obj
N:\21-Other\V2.0 modbus版本\TempDetection V2.0 2016.1.20\TempDetection\Release\gaugepointerrange.obj
N:\21-Other\V2.0 modbus版本\TempDetection V2.0 2016.1.20\TempDetection\Release\gaugeseries.obj
N:\21-Other\V2.0 modbus版本\TempDetection V2.0 2016.1.20\TempDetection\Release\gaugeseriespointer.obj
N:\21-Other\V2.0 modbus版本\TempDetection V2.0 2016.1.20\TempDetection\Release\gifexport.obj
N:\21-Other\V2.0 modbus版本\TempDetection V2.0 2016.1.20\TempDetection\Release\gllightsource.obj
N:\21-Other\V2.0 modbus版本\TempDetection V2.0 2016.1.20\TempDetection\Release\glposition.obj
N:\21-Other\V2.0 modbus版本\TempDetection V2.0 2016.1.20\TempDetection\Release\gradient.obj
N:\21-Other\V2.0 modbus版本\TempDetection V2.0 2016.1.20\TempDetection\Release\grayscalefilter.obj
N:\21-Other\V2.0 modbus版本\TempDetection V2.0 2016.1.20\TempDetection\Release\gridbandbrush.obj
N:\21-Other\V2.0 modbus版本\TempDetection V2.0 2016.1.20\TempDetection\Release\gridbandtool.obj
N:\21-Other\V2.0 modbus版本\TempDetection V2.0 2016.1.20\TempDetection\Release\gridtransposetool.obj
N:\21-Other\V2.0 modbus版本\TempDetection V2.0 2016.1.20\TempDetection\Release\highlowlineseries.obj
N:\21-Other\V2.0 modbus版本\TempDetection V2.0 2016.1.20\TempDetection\Release\highlowseries.obj
N:\21-Other\V2.0 modbus版本\TempDetection V2.0 2016.1.20\TempDetection\Release\histogramfunction.obj
N:\21-Other\V2.0 modbus版本\TempDetection V2.0 2016.1.20\TempDetection\Release\histogramseries.obj
N:\21-Other\V2.0 modbus版本\TempDetection V2.0 2016.1.20\TempDetection\Release\horizareaseries.obj
N:\21-Other\V2.0 modbus版本\TempDetection V2.0 2016.1.20\TempDetection\Release\horizbarseries.obj
N:\21-Other\V2.0 modbus版本\TempDetection V2.0 2016.1.20\TempDetection\Release\horizboxplotseries.obj
N:\21-Other\V2.0 modbus版本\TempDetection V2.0 2016.1.20\TempDetection\Release\horizhistogramseries.obj
N:\21-Other\V2.0 modbus版本\TempDetection V2.0 2016.1.20\TempDetection\Release\horizlineseries.obj
N:\21-Other\V2.0 modbus版本\TempDetection V2.0 2016.1.20\TempDetection\Release\htmlexport.obj
N:\21-Other\V2.0 modbus版本\TempDetection V2.0 2016.1.20\TempDetection\Release\huelumsatfilter.obj
N:\21-Other\V2.0 modbus版本\TempDetection V2.0 2016.1.20\TempDetection\Release\IconListBox.obj
N:\21-Other\V2.0 modbus版本\TempDetection V2.0 2016.1.20\TempDetection\Release\imagebarseries.obj
N:\21-Other\V2.0 modbus版本\TempDetection V2.0 2016.1.20\TempDetection\Release\imagepointseries.obj
N:\21-Other\V2.0 modbus版本\TempDetection V2.0 2016.1.20\TempDetection\Release\import.obj
N:\21-Other\V2.0 modbus版本\TempDetection V2.0 2016.1.20\TempDetection\Release\iplotannotationx.obj
N:\21-Other\V2.0 modbus版本\TempDetection V2.0 2016.1.20\TempDetection\Release\iplotaxisx.obj
N:\21-Other\V2.0 modbus版本\TempDetection V2.0 2016.1.20\TempDetection\Release\iplotchannelx.obj
N:\21-Other\V2.0 modbus版本\TempDetection V2.0 2016.1.20\TempDetection\Release\iplotdatacursorx.obj
N:\21-Other\V2.0 modbus版本\TempDetection V2.0 2016.1.20\TempDetection\Release\iplotdataviewx.obj
N:\21-Other\V2.0 modbus版本\TempDetection V2.0 2016.1.20\TempDetection\Release\iplotlabelx.obj
N:\21-Other\V2.0 modbus版本\TempDetection V2.0 2016.1.20\TempDetection\Release\iplotlegendx.obj
N:\21-Other\V2.0 modbus版本\TempDetection V2.0 2016.1.20\TempDetection\Release\iplotlimitx.obj
N:\21-Other\V2.0 modbus版本\TempDetection V2.0 2016.1.20\TempDetection\Release\iplottablecolumnx.obj
N:\21-Other\V2.0 modbus版本\TempDetection V2.0 2016.1.20\TempDetection\Release\iplottablex.obj
N:\21-Other\V2.0 modbus版本\TempDetection V2.0 2016.1.20\TempDetection\Release\iplottoolbarx.obj
N:\21-Other\V2.0 modbus版本\TempDetection V2.0 2016.1.20\TempDetection\Release\iplotx.obj
N:\21-Other\V2.0 modbus版本\TempDetection V2.0 2016.1.20\TempDetection\Release\isosurfaceseries.obj
N:\21-Other\V2.0 modbus版本\TempDetection V2.0 2016.1.20\TempDetection\Release\jpegexport.obj
N:\21-Other\V2.0 modbus版本\TempDetection V2.0 2016.1.20\TempDetection\Release\kagiseries.obj
N:\21-Other\V2.0 modbus版本\TempDetection V2.0 2016.1.20\TempDetection\Release\legend.obj
N:\21-Other\V2.0 modbus版本\TempDetection V2.0 2016.1.20\TempDetection\Release\legenditem.obj
N:\21-Other\V2.0 modbus版本\TempDetection V2.0 2016.1.20\TempDetection\Release\legenditems.obj
N:\21-Other\V2.0 modbus版本\TempDetection V2.0 2016.1.20\TempDetection\Release\legendpalettetool.obj
N:\21-Other\V2.0 modbus版本\TempDetection V2.0 2016.1.20\TempDetection\Release\legendscrollbartool.obj
N:\21-Other\V2.0 modbus版本\TempDetection V2.0 2016.1.20\TempDetection\Release\legendsymbol.obj
N:\21-Other\V2.0 modbus版本\TempDetection V2.0 2016.1.20\TempDetection\Release\legendtitle.obj
N:\21-Other\V2.0 modbus版本\TempDetection V2.0 2016.1.20\TempDetection\Release\levelsegment.obj
N:\21-Other\V2.0 modbus版本\TempDetection V2.0 2016.1.20\TempDetection\Release\lighttool.obj
N:\21-Other\V2.0 modbus版本\TempDetection V2.0 2016.1.20\TempDetection\Release\lineargauge.obj
N:\21-Other\V2.0 modbus版本\TempDetection V2.0 2016.1.20\TempDetection\Release\lineseries.obj
N:\21-Other\V2.0 modbus版本\TempDetection V2.0 2016.1.20\TempDetection\Release\linktool.obj
N:\21-Other\V2.0 modbus版本\TempDetection V2.0 2016.1.20\TempDetection\Release\macdfunction.obj
N:\21-Other\V2.0 modbus版本\TempDetection V2.0 2016.1.20\TempDetection\Release\magnifytool.obj
N:\21-Other\V2.0 modbus版本\TempDetection V2.0 2016.1.20\TempDetection\Release\MainFrm.obj
N:\21-Other\V2.0 modbus版本\TempDetection V2.0 2016.1.20\TempDetection\Release\mappolygon.obj
N:\21-Other\V2.0 modbus版本\TempDetection V2.0 2016.1.20\TempDetection\Release\mappolygonlist.obj
N:\21-Other\V2.0 modbus版本\TempDetection V2.0 2016.1.20\TempDetection\Release\mapseries.obj
N:\21-Other\V2.0 modbus版本\TempDetection V2.0 2016.1.20\TempDetection\Release\margins.obj
N:\21-Other\V2.0 modbus版本\TempDetection V2.0 2016.1.20\TempDetection\Release\marks.obj
N:\21-Other\V2.0 modbus版本\TempDetection V2.0 2016.1.20\TempDetection\Release\markscallout.obj
N:\21-Other\V2.0 modbus版本\TempDetection V2.0 2016.1.20\TempDetection\Release\marksitem.obj
N:\21-Other\V2.0 modbus版本\TempDetection V2.0 2016.1.20\TempDetection\Release\markssymbol.obj
N:\21-Other\V2.0 modbus版本\TempDetection V2.0 2016.1.20\TempDetection\Release\markstiptool.obj
N:\21-Other\V2.0 modbus版本\TempDetection V2.0 2016.1.20\TempDetection\Release\medianfunction.obj
N:\21-Other\V2.0 modbus版本\TempDetection V2.0 2016.1.20\TempDetection\Release\metafileexport.obj
N:\21-Other\V2.0 modbus版本\TempDetection V2.0 2016.1.20\TempDetection\Release\mirrorfilter.obj
N:\21-Other\V2.0 modbus版本\TempDetection V2.0 2016.1.20\TempDetection\Release\modefunction.obj
N:\21-Other\V2.0 modbus版本\TempDetection V2.0 2016.1.20\TempDetection\Release\mosaicfilter.obj
N:\21-Other\V2.0 modbus版本\TempDetection V2.0 2016.1.20\TempDetection\Release\movingavgfunction.obj
N:\21-Other\V2.0 modbus版本\TempDetection V2.0 2016.1.20\TempDetection\Release\mscomm.obj
N:\21-Other\V2.0 modbus版本\TempDetection V2.0 2016.1.20\TempDetection\Release\msflexgrid.obj
N:\21-Other\V2.0 modbus版本\TempDetection V2.0 2016.1.20\TempDetection\Release\nativeexport.obj
N:\21-Other\V2.0 modbus版本\TempDetection V2.0 2016.1.20\TempDetection\Release\nearesttool.obj
N:\21-Other\V2.0 modbus版本\TempDetection V2.0 2016.1.20\TempDetection\Release\numericgauge.obj
N:\21-Other\V2.0 modbus版本\TempDetection V2.0 2016.1.20\TempDetection\Release\numericmarker.obj
N:\21-Other\V2.0 modbus版本\TempDetection V2.0 2016.1.20\TempDetection\Release\obvfunction.obj
N:\21-Other\V2.0 modbus版本\TempDetection V2.0 2016.1.20\TempDetection\Release\OnDrawView.obj
N:\21-Other\V2.0 modbus版本\TempDetection V2.0 2016.1.20\TempDetection\Release\orgitem.obj
N:\21-Other\V2.0 modbus版本\TempDetection V2.0 2016.1.20\TempDetection\Release\orgitemcollection.obj
N:\21-Other\V2.0 modbus版本\TempDetection V2.0 2016.1.20\TempDetection\Release\orgseries.obj
N:\21-Other\V2.0 modbus版本\TempDetection V2.0 2016.1.20\TempDetection\Release\orgshape.obj
N:\21-Other\V2.0 modbus版本\TempDetection V2.0 2016.1.20\TempDetection\Release\page.obj
N:\21-Other\V2.0 modbus版本\TempDetection V2.0 2016.1.20\TempDetection\Release\pagenumtool.obj
N:\21-Other\V2.0 modbus版本\TempDetection V2.0 2016.1.20\TempDetection\Release\panel.obj
N:\21-Other\V2.0 modbus版本\TempDetection V2.0 2016.1.20\TempDetection\Release\pcxexport.obj
N:\21-Other\V2.0 modbus版本\TempDetection V2.0 2016.1.20\TempDetection\Release\pdfexport.obj
N:\21-Other\V2.0 modbus版本\TempDetection V2.0 2016.1.20\TempDetection\Release\pen.obj
N:\21-Other\V2.0 modbus版本\TempDetection V2.0 2016.1.20\TempDetection\Release\performancefunction.obj
N:\21-Other\V2.0 modbus版本\TempDetection V2.0 2016.1.20\TempDetection\Release\picture.obj
N:\21-Other\V2.0 modbus版本\TempDetection V2.0 2016.1.20\TempDetection\Release\piemarks.obj
N:\21-Other\V2.0 modbus版本\TempDetection V2.0 2016.1.20\TempDetection\Release\pieotherslice.obj
N:\21-Other\V2.0 modbus版本\TempDetection V2.0 2016.1.20\TempDetection\Release\pieseries.obj
N:\21-Other\V2.0 modbus版本\TempDetection V2.0 2016.1.20\TempDetection\Release\pietool.obj
N:\21-Other\V2.0 modbus版本\TempDetection V2.0 2016.1.20\TempDetection\Release\pngexport.obj
N:\21-Other\V2.0 modbus版本\TempDetection V2.0 2016.1.20\TempDetection\Release\point3dseries.obj
N:\21-Other\V2.0 modbus版本\TempDetection V2.0 2016.1.20\TempDetection\Release\pointarray.obj
N:\21-Other\V2.0 modbus版本\TempDetection V2.0 2016.1.20\TempDetection\Release\pointer.obj
N:\21-Other\V2.0 modbus版本\TempDetection V2.0 2016.1.20\TempDetection\Release\pointfigureseries.obj
N:\21-Other\V2.0 modbus版本\TempDetection V2.0 2016.1.20\TempDetection\Release\pointseries.obj
N:\21-Other\V2.0 modbus版本\TempDetection V2.0 2016.1.20\TempDetection\Release\polarbarseries.obj
N:\21-Other\V2.0 modbus版本\TempDetection V2.0 2016.1.20\TempDetection\Release\polargridseries.obj
N:\21-Other\V2.0 modbus版本\TempDetection V2.0 2016.1.20\TempDetection\Release\polarseries.obj
N:\21-Other\V2.0 modbus版本\TempDetection V2.0 2016.1.20\TempDetection\Release\printer.obj
N:\21-Other\V2.0 modbus版本\TempDetection V2.0 2016.1.20\TempDetection\Release\printersettings.obj
N:\21-Other\V2.0 modbus版本\TempDetection V2.0 2016.1.20\TempDetection\Release\pvofunction.obj
N:\21-Other\V2.0 modbus版本\TempDetection V2.0 2016.1.20\TempDetection\Release\pyramidseries.obj
N:\21-Other\V2.0 modbus版本\TempDetection V2.0 2016.1.20\TempDetection\Release\radarseries.obj
N:\21-Other\V2.0 modbus版本\TempDetection V2.0 2016.1.20\TempDetection\Release\rectangletool.obj
N:\21-Other\V2.0 modbus版本\TempDetection V2.0 2016.1.20\TempDetection\Release\renkoseries.obj
N:\21-Other\V2.0 modbus版本\TempDetection V2.0 2016.1.20\TempDetection\Release\resizefilter.obj
N:\21-Other\V2.0 modbus版本\TempDetection V2.0 2016.1.20\TempDetection\Release\rmsfunction.obj
N:\21-Other\V2.0 modbus版本\TempDetection V2.0 2016.1.20\TempDetection\Release\rotatefilter.obj
N:\21-Other\V2.0 modbus版本\TempDetection V2.0 2016.1.20\TempDetection\Release\rotatetool.obj
N:\21-Other\V2.0 modbus版本\TempDetection V2.0 2016.1.20\TempDetection\Release\rowcursor.obj
N:\21-Other\V2.0 modbus版本\TempDetection V2.0 2016.1.20\TempDetection\Release\rsifunction.obj
N:\21-Other\V2.0 modbus版本\TempDetection V2.0 2016.1.20\TempDetection\Release\sarfunction.obj
N:\21-Other\V2.0 modbus版本\TempDetection V2.0 2016.1.20\TempDetection\Release\scroll.obj
N:\21-Other\V2.0 modbus版本\TempDetection V2.0 2016.1.20\TempDetection\Release\scrollbarthumb.obj
N:\21-Other\V2.0 modbus版本\TempDetection V2.0 2016.1.20\TempDetection\Release\selectortool.obj
N:\21-Other\V2.0 modbus版本\TempDetection V2.0 2016.1.20\TempDetection\Release\series.obj
N:\21-Other\V2.0 modbus版本\TempDetection V2.0 2016.1.20\TempDetection\Release\seriesanimationtool.obj
N:\21-Other\V2.0 modbus版本\TempDetection V2.0 2016.1.20\TempDetection\Release\seriesbandtool.obj
N:\21-Other\V2.0 modbus版本\TempDetection V2.0 2016.1.20\TempDetection\Release\seriesgroup.obj
N:\21-Other\V2.0 modbus版本\TempDetection V2.0 2016.1.20\TempDetection\Release\seriesgroups.obj
N:\21-Other\V2.0 modbus版本\TempDetection V2.0 2016.1.20\TempDetection\Release\serieslist.obj
N:\21-Other\V2.0 modbus版本\TempDetection V2.0 2016.1.20\TempDetection\Release\seriesmarkposition.obj
N:\21-Other\V2.0 modbus版本\TempDetection V2.0 2016.1.20\TempDetection\Release\seriesmarkspositions.obj
N:\21-Other\V2.0 modbus版本\TempDetection V2.0 2016.1.20\TempDetection\Release\seriesregiontool.obj
N:\21-Other\V2.0 modbus版本\TempDetection V2.0 2016.1.20\TempDetection\Release\seriesstatstool.obj
N:\21-Other\V2.0 modbus版本\TempDetection V2.0 2016.1.20\TempDetection\Release\shapeseries.obj
N:\21-Other\V2.0 modbus版本\TempDetection V2.0 2016.1.20\TempDetection\Release\sharpenfilter.obj
N:\21-Other\V2.0 modbus版本\TempDetection V2.0 2016.1.20\TempDetection\Release\ShowMessageView.obj
N:\21-Other\V2.0 modbus版本\TempDetection V2.0 2016.1.20\TempDetection\Release\smithseries.obj
N:\21-Other\V2.0 modbus版本\TempDetection V2.0 2016.1.20\TempDetection\Release\smoothingfunction.obj
N:\21-Other\V2.0 modbus版本\TempDetection V2.0 2016.1.20\TempDetection\Release\smoothpoints.obj
N:\21-Other\V2.0 modbus版本\TempDetection V2.0 2016.1.20\TempDetection\Release\softenfilter.obj
N:\21-Other\V2.0 modbus版本\TempDetection V2.0 2016.1.20\TempDetection\Release\spacing.obj
N:\21-Other\V2.0 modbus版本\TempDetection V2.0 2016.1.20\TempDetection\Release\stdafx.obj
N:\21-Other\V2.0 modbus版本\TempDetection V2.0 2016.1.20\TempDetection\Release\stddeviationfunction.obj
N:\21-Other\V2.0 modbus版本\TempDetection V2.0 2016.1.20\TempDetection\Release\strings.obj
N:\21-Other\V2.0 modbus版本\TempDetection V2.0 2016.1.20\TempDetection\Release\subgradient.obj
N:\21-Other\V2.0 modbus版本\TempDetection V2.0 2016.1.20\TempDetection\Release\subsetteefunction.obj
N:\21-Other\V2.0 modbus版本\TempDetection V2.0 2016.1.20\TempDetection\Release\surfacenearesttool.obj
N:\21-Other\V2.0 modbus版本\TempDetection V2.0 2016.1.20\TempDetection\Release\surfaceseries.obj
N:\21-Other\V2.0 modbus版本\TempDetection V2.0 2016.1.20\TempDetection\Release\surfacesides.obj
N:\21-Other\V2.0 modbus版本\TempDetection V2.0 2016.1.20\TempDetection\Release\svgexport.obj
N:\21-Other\V2.0 modbus版本\TempDetection V2.0 2016.1.20\TempDetection\Release\tablelegend.obj
N:\21-Other\V2.0 modbus版本\TempDetection V2.0 2016.1.20\TempDetection\Release\tagcloudseries.obj
N:\21-Other\V2.0 modbus版本\TempDetection V2.0 2016.1.20\TempDetection\Release\tchart.obj
N:\21-Other\V2.0 modbus版本\TempDetection V2.0 2016.1.20\TempDetection\Release\teecustomshape.obj
N:\21-Other\V2.0 modbus版本\TempDetection V2.0 2016.1.20\TempDetection\Release\teefilter.obj
N:\21-Other\V2.0 modbus版本\TempDetection V2.0 2016.1.20\TempDetection\Release\teefont.obj
N:\21-Other\V2.0 modbus版本\TempDetection V2.0 2016.1.20\TempDetection\Release\teefunction.obj
N:\21-Other\V2.0 modbus版本\TempDetection V2.0 2016.1.20\TempDetection\Release\teeopengl.obj
N:\21-Other\V2.0 modbus版本\TempDetection V2.0 2016.1.20\TempDetection\Release\teepicture.obj
N:\21-Other\V2.0 modbus版本\TempDetection V2.0 2016.1.20\TempDetection\Release\teepoint2d.obj
N:\21-Other\V2.0 modbus版本\TempDetection V2.0 2016.1.20\TempDetection\Release\teepoint3d.obj
N:\21-Other\V2.0 modbus版本\TempDetection V2.0 2016.1.20\TempDetection\Release\teerect.obj
N:\21-Other\V2.0 modbus版本\TempDetection V2.0 2016.1.20\TempDetection\Release\teeshadow.obj
N:\21-Other\V2.0 modbus版本\TempDetection V2.0 2016.1.20\TempDetection\Release\teeshape.obj
N:\21-Other\V2.0 modbus版本\TempDetection V2.0 2016.1.20\TempDetection\Release\teeshapepanel.obj
N:\21-Other\V2.0 modbus版本\TempDetection V2.0 2016.1.20\TempDetection\Release\TempDetection.obj
N:\21-Other\V2.0 modbus版本\TempDetection V2.0 2016.1.20\TempDetection\Release\TempDetectionDoc.obj
N:\21-Other\V2.0 modbus版本\TempDetection V2.0 2016.1.20\TempDetection\Release\TempDetectionView.obj
N:\21-Other\V2.0 modbus版本\TempDetection V2.0 2016.1.20\TempDetection\Release\text3dtool.obj
N:\21-Other\V2.0 modbus版本\TempDetection V2.0 2016.1.20\TempDetection\Release\textexport.obj
N:\21-Other\V2.0 modbus版本\TempDetection V2.0 2016.1.20\TempDetection\Release\tilefilter.obj
N:\21-Other\V2.0 modbus版本\TempDetection V2.0 2016.1.20\TempDetection\Release\titles.obj
N:\21-Other\V2.0 modbus版本\TempDetection V2.0 2016.1.20\TempDetection\Release\toollist.obj
N:\21-Other\V2.0 modbus版本\TempDetection V2.0 2016.1.20\TempDetection\Release\tools.obj
N:\21-Other\V2.0 modbus版本\TempDetection V2.0 2016.1.20\TempDetection\Release\towerseries.obj
N:\21-Other\V2.0 modbus版本\TempDetection V2.0 2016.1.20\TempDetection\Release\transposeseriestool.obj
N:\21-Other\V2.0 modbus版本\TempDetection V2.0 2016.1.20\TempDetection\Release\trendfunction.obj
N:\21-Other\V2.0 modbus版本\TempDetection V2.0 2016.1.20\TempDetection\Release\trisurfaceseries.obj
N:\21-Other\V2.0 modbus版本\TempDetection V2.0 2016.1.20\TempDetection\Release\valuelist.obj
N:\21-Other\V2.0 modbus版本\TempDetection V2.0 2016.1.20\TempDetection\Release\valuelists.obj
N:\21-Other\V2.0 modbus版本\TempDetection V2.0 2016.1.20\TempDetection\Release\vector3dseries.obj
N:\21-Other\V2.0 modbus版本\TempDetection V2.0 2016.1.20\TempDetection\Release\videoplayertool.obj
N:\21-Other\V2.0 modbus版本\TempDetection V2.0 2016.1.20\TempDetection\Release\videotool.obj
N:\21-Other\V2.0 modbus版本\TempDetection V2.0 2016.1.20\TempDetection\Release\volumepipeseries.obj
N:\21-Other\V2.0 modbus版本\TempDetection V2.0 2016.1.20\TempDetection\Release\volumeseries.obj
N:\21-Other\V2.0 modbus版本\TempDetection V2.0 2016.1.20\TempDetection\Release\wall.obj
N:\21-Other\V2.0 modbus版本\TempDetection V2.0 2016.1.20\TempDetection\Release\walls.obj
N:\21-Other\V2.0 modbus版本\TempDetection V2.0 2016.1.20\TempDetection\Release\waterfallseries.obj
N:\21-Other\V2.0 modbus版本\TempDetection V2.0 2016.1.20\TempDetection\Release\windroseseries.obj
N:\21-Other\V2.0 modbus版本\TempDetection V2.0 2016.1.20\TempDetection\Release\worldseries.obj
N:\21-Other\V2.0 modbus版本\TempDetection V2.0 2016.1.20\TempDetection\Release\xamlexport.obj
N:\21-Other\V2.0 modbus版本\TempDetection V2.0 2016.1.20\TempDetection\Release\xlsexport.obj
N:\21-Other\V2.0 modbus版本\TempDetection V2.0 2016.1.20\TempDetection\Release\xmlexport.obj
N:\21-Other\V2.0 modbus版本\TempDetection V2.0 2016.1.20\TempDetection\Release\zoom.obj
N:\21-Other\V2.0 modbus版本\TempDetection V2.0 2016.1.20\TempDetection\Release\zoomfilter.obj
N:\21-Other\V2.0 modbus版本\TempDetection V2.0 2016.1.20\TempDetection\Release\msado15.tli
N:\21-Other\V2.0 modbus版本\TempDetection V2.0 2016.1.20\TempDetection\Release\msadox.tli
N:\21-Other\V2.0 modbus版本\TempDetection V2.0 2016.1.20\TempDetection\Release\msado15.tlh
N:\21-Other\V2.0 modbus版本\TempDetection V2.0 2016.1.20\TempDetection\Release\msadox.tlh
N:\21-Other\V2.0 modbus版本\TempDetection V2.0 2016.1.20\TempDetection\Release\cl.command.1.tlog
N:\21-Other\V2.0 modbus版本\TempDetection V2.0 2016.1.20\TempDetection\Release\CL.read.1.tlog
N:\21-Other\V2.0 modbus版本\TempDetection V2.0 2016.1.20\TempDetection\Release\CL.read.2.tlog
N:\21-Other\V2.0 modbus版本\TempDetection V2.0 2016.1.20\TempDetection\Release\CL.write.1.tlog
N:\21-Other\V2.0 modbus版本\TempDetection V2.0 2016.1.20\TempDetection\Release\link-cvtres.read.1.tlog
N:\21-Other\V2.0 modbus版本\TempDetection V2.0 2016.1.20\TempDetection\Release\link-cvtres.write.1.tlog
N:\21-Other\V2.0 modbus版本\TempDetection V2.0 2016.1.20\TempDetection\Release\link-mt.read.1.tlog
N:\21-Other\V2.0 modbus版本\TempDetection V2.0 2016.1.20\TempDetection\Release\link-mt.write.1.tlog
N:\21-Other\V2.0 modbus版本\TempDetection V2.0 2016.1.20\TempDetection\Release\link-rc.read.1.tlog
N:\21-Other\V2.0 modbus版本\TempDetection V2.0 2016.1.20\TempDetection\Release\link-rc.write.1.tlog
N:\21-Other\V2.0 modbus版本\TempDetection V2.0 2016.1.20\TempDetection\Release\link.command.1.tlog
N:\21-Other\V2.0 modbus版本\TempDetection V2.0 2016.1.20\TempDetection\Release\link.read.1.tlog
N:\21-Other\V2.0 modbus版本\TempDetection V2.0 2016.1.20\TempDetection\Release\link.write.1.tlog
N:\21-Other\V2.0 modbus版本\TempDetection V2.0 2016.1.20\TempDetection\Release\rc.command.1.tlog
N:\21-Other\V2.0 modbus版本\TempDetection V2.0 2016.1.20\TempDetection\Release\rc.read.1.tlog
N:\21-Other\V2.0 modbus版本\TempDetection V2.0 2016.1.20\TempDetection\Release\rc.write.1.tlog
N:\21-Other\V2.0 modbus版本\TempDetection V2.0 2016.1.20\TempDetection\Release\TempDetection.res
N:\21-Other\V2.0 modbus版本\TempDetection V2.0 2016.1.20\TempDetection\Release\TempDetection.pch
N:\21-Other\V2.0 modbus版本\TempDetection V2.0 2016.1.20\TempDetection\Release\vc110.pdb
N:\21-Other\V2.0 modbus版本\TempDetection V2.0 2016.1.20\Release\TempDetection.pdb
N:\21-Other\V2.0 modbus版本\TempDetection V2.0 2016.1.20\Release\TempDetection.exe
